versions pytest-9.0.2, python-3.14.0.final.0
invocation_dir=E:\Python + Playwright\Practice_Automation
cwd=E:\Python + Playwright\Practice_Automation
args=('--debug',)

  pytest_cmdline_main [hook]
      config: <_pytest.config.Config object at 0x00000154CFFF3620>
    pytest_plugin_registered [hook]
        plugin: <Session  exitstatus='<UNSET>' testsfailed=0 testscollected=0>
        plugin_name: session
        manager: <_pytest.config.PytestPluginManager object at 0x00000154CFFF1BE0>
    finish pytest_plugin_registered --> [] [hook]
    pytest_configure [hook]
        config: <_pytest.config.Config object at 0x00000154CFFF3620>
    early skip of rewriting module: importlib.metadata._adapters [assertion]
    early skip of rewriting module: email.message [assertion]
    early skip of rewriting module: quopri [assertion]
    early skip of rewriting module: email.utils [assertion]
    early skip of rewriting module: email._parseaddr [assertion]
    early skip of rewriting module: email.errors [assertion]
    early skip of rewriting module: email._policybase [assertion]
    early skip of rewriting module: email.header [assertion]
    early skip of rewriting module: email.quoprimime [assertion]
    early skip of rewriting module: email.base64mime [assertion]
    early skip of rewriting module: email.charset [assertion]
    early skip of rewriting module: email.encoders [assertion]
    early skip of rewriting module: email._encoded_words [assertion]
    early skip of rewriting module: email.iterators [assertion]
    early skip of rewriting module: importlib.metadata._text [assertion]
    early skip of rewriting module: email.parser [assertion]
    early skip of rewriting module: email.feedparser [assertion]
      pytest_metadata [hook]
          metadata: {'Python': '3.14.0', 'Platform': 'Windows-11-10.0.22631-SP0', 'Packages': {'pytest': '9.0.2', 'pluggy': '1.6.0'}, 'Plugins': {'base-url': '2.1.0', 'html': '4.1.1', 'metadata': '3.1.1', 'playwright': '0.7.2'}, 'JAVA_HOME': 'C:\\Program Files\\Java\\jdk-17'}
          config: <_pytest.config.Config object at 0x00000154CFFF3620>
      finish pytest_metadata --> [] [hook]
      pytest_plugin_registered [hook]
          plugin: <_pytest.cacheprovider.LFPlugin object at 0x00000154D2DA4830>
          plugin_name: lfplugin
          manager: <_pytest.config.PytestPluginManager object at 0x00000154CFFF1BE0>
      finish pytest_plugin_registered --> [] [hook]
      pytest_plugin_registered [hook]
          plugin: <_pytest.cacheprovider.NFPlugin object at 0x00000154D2DA46E0>
          plugin_name: nfplugin
          manager: <_pytest.config.PytestPluginManager object at 0x00000154CFFF1BE0>
      finish pytest_plugin_registered --> [] [hook]
    early skip of rewriting module: faulthandler [assertion]
      pytest_plugin_registered [hook]
          plugin: <class '_pytest.legacypath.LegacyTmpdirPlugin'>
          plugin_name: legacypath-tmpdir
          manager: <_pytest.config.PytestPluginManager object at 0x00000154CFFF1BE0>
      finish pytest_plugin_registered --> [] [hook]
    early skip of rewriting module: pdb [assertion]
    early skip of rewriting module: cmd [assertion]
    early skip of rewriting module: code [assertion]
    early skip of rewriting module: _pyrepl [assertion]
    early skip of rewriting module: _pyrepl.utils [assertion]
    early skip of rewriting module: _pyrepl.types [assertion]
    early skip of rewriting module: _pyrepl.trace [assertion]
    early skip of rewriting module: rlcompleter [assertion]
    early skip of rewriting module: readline [assertion]
      pytest_plugin_registered [hook]
          plugin: <_pytest.config.PytestPluginManager object at 0x00000154CFFF1BE0>
          plugin_name: 1463778483168
          manager: <_pytest.config.PytestPluginManager object at 0x00000154CFFF1BE0>
      finish pytest_plugin_registered --> [] [hook]
      pytest_plugin_registered [hook]
          plugin: <_pytest.config.Config object at 0x00000154CFFF3620>
          plugin_name: pytestconfig
          manager: <_pytest.config.PytestPluginManager object at 0x00000154CFFF1BE0>
      finish pytest_plugin_registered --> [] [hook]
      pytest_plugin_registered [hook]
          plugin: <module '_pytest.mark' from 'E:\\Python + Playwright\\Practice_Automation\\virtual\\Lib\\site-packages\\_pytest\\mark\\__init__.py'>
          plugin_name: mark
          manager: <_pytest.config.PytestPluginManager object at 0x00000154CFFF1BE0>
      finish pytest_plugin_registered --> [] [hook]
      pytest_plugin_registered [hook]
          plugin: <module '_pytest.main' from 'E:\\Python + Playwright\\Practice_Automation\\virtual\\Lib\\site-packages\\_pytest\\main.py'>
          plugin_name: main
          manager: <_pytest.config.PytestPluginManager object at 0x00000154CFFF1BE0>
      finish pytest_plugin_registered --> [] [hook]
      pytest_plugin_registered [hook]
          plugin: <module '_pytest.runner' from 'E:\\Python + Playwright\\Practice_Automation\\virtual\\Lib\\site-packages\\_pytest\\runner.py'>
          plugin_name: runner
          manager: <_pytest.config.PytestPluginManager object at 0x00000154CFFF1BE0>
      finish pytest_plugin_registered --> [] [hook]
      pytest_plugin_registered [hook]
          plugin: <module '_pytest.fixtures' from 'E:\\Python + Playwright\\Practice_Automation\\virtual\\Lib\\site-packages\\_pytest\\fixtures.py'>
          plugin_name: fixtures
          manager: <_pytest.config.PytestPluginManager object at 0x00000154CFFF1BE0>
      finish pytest_plugin_registered --> [] [hook]
      pytest_plugin_registered [hook]
          plugin: <module '_pytest.helpconfig' from 'E:\\Python + Playwright\\Practice_Automation\\virtual\\Lib\\site-packages\\_pytest\\helpconfig.py'>
          plugin_name: helpconfig
          manager: <_pytest.config.PytestPluginManager object at 0x00000154CFFF1BE0>
      finish pytest_plugin_registered --> [] [hook]
      pytest_plugin_registered [hook]
          plugin: <module '_pytest.python' from 'E:\\Python + Playwright\\Practice_Automation\\virtual\\Lib\\site-packages\\_pytest\\python.py'>
          plugin_name: python
          manager: <_pytest.config.PytestPluginManager object at 0x00000154CFFF1BE0>
      finish pytest_plugin_registered --> [] [hook]
      pytest_plugin_registered [hook]
          plugin: <module '_pytest.terminal' from 'E:\\Python + Playwright\\Practice_Automation\\virtual\\Lib\\site-packages\\_pytest\\terminal.py'>
          plugin_name: terminal
          manager: <_pytest.config.PytestPluginManager object at 0x00000154CFFF1BE0>
      finish pytest_plugin_registered --> [] [hook]
      pytest_plugin_registered [hook]
          plugin: <module '_pytest.debugging' from 'E:\\Python + Playwright\\Practice_Automation\\virtual\\Lib\\site-packages\\_pytest\\debugging.py'>
          plugin_name: debugging
          manager: <_pytest.config.PytestPluginManager object at 0x00000154CFFF1BE0>
      finish pytest_plugin_registered --> [] [hook]
      pytest_plugin_registered [hook]
          plugin: <module '_pytest.unittest' from 'E:\\Python + Playwright\\Practice_Automation\\virtual\\Lib\\site-packages\\_pytest\\unittest.py'>
          plugin_name: unittest
          manager: <_pytest.config.PytestPluginManager object at 0x00000154CFFF1BE0>
      finish pytest_plugin_registered --> [] [hook]
      pytest_plugin_registered [hook]
          plugin: <module '_pytest.capture' from 'E:\\Python + Playwright\\Practice_Automation\\virtual\\Lib\\site-packages\\_pytest\\capture.py'>
          plugin_name: capture
          manager: <_pytest.config.PytestPluginManager object at 0x00000154CFFF1BE0>
      finish pytest_plugin_registered --> [] [hook]
      pytest_plugin_registered [hook]
          plugin: <module '_pytest.skipping' from 'E:\\Python + Playwright\\Practice_Automation\\virtual\\Lib\\site-packages\\_pytest\\skipping.py'>
          plugin_name: skipping
          manager: <_pytest.config.PytestPluginManager object at 0x00000154CFFF1BE0>
      finish pytest_plugin_registered --> [] [hook]
      pytest_plugin_registered [hook]
          plugin: <module '_pytest.legacypath' from 'E:\\Python + Playwright\\Practice_Automation\\virtual\\Lib\\site-packages\\_pytest\\legacypath.py'>
          plugin_name: legacypath
          manager: <_pytest.config.PytestPluginManager object at 0x00000154CFFF1BE0>
      finish pytest_plugin_registered --> [] [hook]
      pytest_plugin_registered [hook]
          plugin: <module '_pytest.tmpdir' from 'E:\\Python + Playwright\\Practice_Automation\\virtual\\Lib\\site-packages\\_pytest\\tmpdir.py'>
          plugin_name: tmpdir
          manager: <_pytest.config.PytestPluginManager object at 0x00000154CFFF1BE0>
      finish pytest_plugin_registered --> [] [hook]
      pytest_plugin_registered [hook]
          plugin: <module '_pytest.monkeypatch' from 'E:\\Python + Playwright\\Practice_Automation\\virtual\\Lib\\site-packages\\_pytest\\monkeypatch.py'>
          plugin_name: monkeypatch
          manager: <_pytest.config.PytestPluginManager object at 0x00000154CFFF1BE0>
      finish pytest_plugin_registered --> [] [hook]
      pytest_plugin_registered [hook]
          plugin: <module '_pytest.recwarn' from 'E:\\Python + Playwright\\Practice_Automation\\virtual\\Lib\\site-packages\\_pytest\\recwarn.py'>
          plugin_name: recwarn
          manager: <_pytest.config.PytestPluginManager object at 0x00000154CFFF1BE0>
      finish pytest_plugin_registered --> [] [hook]
      pytest_plugin_registered [hook]
          plugin: <module '_pytest.pastebin' from 'E:\\Python + Playwright\\Practice_Automation\\virtual\\Lib\\site-packages\\_pytest\\pastebin.py'>
          plugin_name: pastebin
          manager: <_pytest.config.PytestPluginManager object at 0x00000154CFFF1BE0>
      finish pytest_plugin_registered --> [] [hook]
      pytest_plugin_registered [hook]
          plugin: <module '_pytest.assertion' from 'E:\\Python + Playwright\\Practice_Automation\\virtual\\Lib\\site-packages\\_pytest\\assertion\\__init__.py'>
          plugin_name: assertion
          manager: <_pytest.config.PytestPluginManager object at 0x00000154CFFF1BE0>
      finish pytest_plugin_registered --> [] [hook]
      pytest_plugin_registered [hook]
          plugin: <module '_pytest.junitxml' from 'E:\\Python + Playwright\\Practice_Automation\\virtual\\Lib\\site-packages\\_pytest\\junitxml.py'>
          plugin_name: junitxml
          manager: <_pytest.config.PytestPluginManager object at 0x00000154CFFF1BE0>
      finish pytest_plugin_registered --> [] [hook]
      pytest_plugin_registered [hook]
          plugin: <module '_pytest.doctest' from 'E:\\Python + Playwright\\Practice_Automation\\virtual\\Lib\\site-packages\\_pytest\\doctest.py'>
          plugin_name: doctest
          manager: <_pytest.config.PytestPluginManager object at 0x00000154CFFF1BE0>
      finish pytest_plugin_registered --> [] [hook]
      pytest_plugin_registered [hook]
          plugin: <module '_pytest.cacheprovider' from 'E:\\Python + Playwright\\Practice_Automation\\virtual\\Lib\\site-packages\\_pytest\\cacheprovider.py'>
          plugin_name: cacheprovider
          manager: <_pytest.config.PytestPluginManager object at 0x00000154CFFF1BE0>
      finish pytest_plugin_registered --> [] [hook]
      pytest_plugin_registered [hook]
          plugin: <module '_pytest.setuponly' from 'E:\\Python + Playwright\\Practice_Automation\\virtual\\Lib\\site-packages\\_pytest\\setuponly.py'>
          plugin_name: setuponly
          manager: <_pytest.config.PytestPluginManager object at 0x00000154CFFF1BE0>
      finish pytest_plugin_registered --> [] [hook]
      pytest_plugin_registered [hook]
          plugin: <module '_pytest.setupplan' from 'E:\\Python + Playwright\\Practice_Automation\\virtual\\Lib\\site-packages\\_pytest\\setupplan.py'>
          plugin_name: setupplan
          manager: <_pytest.config.PytestPluginManager object at 0x00000154CFFF1BE0>
      finish pytest_plugin_registered --> [] [hook]
      pytest_plugin_registered [hook]
          plugin: <module '_pytest.stepwise' from 'E:\\Python + Playwright\\Practice_Automation\\virtual\\Lib\\site-packages\\_pytest\\stepwise.py'>
          plugin_name: stepwise
          manager: <_pytest.config.PytestPluginManager object at 0x00000154CFFF1BE0>
      finish pytest_plugin_registered --> [] [hook]
      pytest_plugin_registered [hook]
          plugin: <module '_pytest.unraisableexception' from 'E:\\Python + Playwright\\Practice_Automation\\virtual\\Lib\\site-packages\\_pytest\\unraisableexception.py'>
          plugin_name: unraisableexception
          manager: <_pytest.config.PytestPluginManager object at 0x00000154CFFF1BE0>
      finish pytest_plugin_registered --> [] [hook]
      pytest_plugin_registered [hook]
          plugin: <module '_pytest.threadexception' from 'E:\\Python + Playwright\\Practice_Automation\\virtual\\Lib\\site-packages\\_pytest\\threadexception.py'>
          plugin_name: threadexception
          manager: <_pytest.config.PytestPluginManager object at 0x00000154CFFF1BE0>
      finish pytest_plugin_registered --> [] [hook]
      pytest_plugin_registered [hook]
          plugin: <module '_pytest.warnings' from 'E:\\Python + Playwright\\Practice_Automation\\virtual\\Lib\\site-packages\\_pytest\\warnings.py'>
          plugin_name: warnings
          manager: <_pytest.config.PytestPluginManager object at 0x00000154CFFF1BE0>
      finish pytest_plugin_registered --> [] [hook]
      pytest_plugin_registered [hook]
          plugin: <module '_pytest.logging' from 'E:\\Python + Playwright\\Practice_Automation\\virtual\\Lib\\site-packages\\_pytest\\logging.py'>
          plugin_name: logging
          manager: <_pytest.config.PytestPluginManager object at 0x00000154CFFF1BE0>
      finish pytest_plugin_registered --> [] [hook]
      pytest_plugin_registered [hook]
          plugin: <module '_pytest.reports' from 'E:\\Python + Playwright\\Practice_Automation\\virtual\\Lib\\site-packages\\_pytest\\reports.py'>
          plugin_name: reports
          manager: <_pytest.config.PytestPluginManager object at 0x00000154CFFF1BE0>
      finish pytest_plugin_registered --> [] [hook]
      pytest_plugin_registered [hook]
          plugin: <module '_pytest.faulthandler' from 'E:\\Python + Playwright\\Practice_Automation\\virtual\\Lib\\site-packages\\_pytest\\faulthandler.py'>
          plugin_name: faulthandler
          manager: <_pytest.config.PytestPluginManager object at 0x00000154CFFF1BE0>
      finish pytest_plugin_registered --> [] [hook]
      pytest_plugin_registered [hook]
          plugin: <module '_pytest.subtests' from 'E:\\Python + Playwright\\Practice_Automation\\virtual\\Lib\\site-packages\\_pytest\\subtests.py'>
          plugin_name: subtests
          manager: <_pytest.config.PytestPluginManager object at 0x00000154CFFF1BE0>
      finish pytest_plugin_registered --> [] [hook]
      pytest_plugin_registered [hook]
          plugin: <module 'pytest_base_url.plugin' from 'E:\\Python + Playwright\\Practice_Automation\\virtual\\Lib\\site-packages\\pytest_base_url\\plugin.py'>
          plugin_name: base_url
          manager: <_pytest.config.PytestPluginManager object at 0x00000154CFFF1BE0>
      finish pytest_plugin_registered --> [] [hook]
      pytest_plugin_registered [hook]
          plugin: <module 'pytest_html.plugin' from 'E:\\Python + Playwright\\Practice_Automation\\virtual\\Lib\\site-packages\\pytest_html\\plugin.py'>
          plugin_name: html
          manager: <_pytest.config.PytestPluginManager object at 0x00000154CFFF1BE0>
      finish pytest_plugin_registered --> [] [hook]
      pytest_plugin_registered [hook]
          plugin: <module 'pytest_html.fixtures' from 'E:\\Python + Playwright\\Practice_Automation\\virtual\\Lib\\site-packages\\pytest_html\\fixtures.py'>
          plugin_name: html_fixtures
          manager: <_pytest.config.PytestPluginManager object at 0x00000154CFFF1BE0>
      finish pytest_plugin_registered --> [] [hook]
      pytest_plugin_registered [hook]
          plugin: <module 'pytest_metadata.plugin' from 'E:\\Python + Playwright\\Practice_Automation\\virtual\\Lib\\site-packages\\pytest_metadata\\plugin.py'>
          plugin_name: metadata
          manager: <_pytest.config.PytestPluginManager object at 0x00000154CFFF1BE0>
      finish pytest_plugin_registered --> [] [hook]
      pytest_plugin_registered [hook]
          plugin: <module 'pytest_playwright.pytest_playwright' from 'E:\\Python + Playwright\\Practice_Automation\\virtual\\Lib\\site-packages\\pytest_playwright\\pytest_playwright.py'>
          plugin_name: playwright
          manager: <_pytest.config.PytestPluginManager object at 0x00000154CFFF1BE0>
      finish pytest_plugin_registered --> [] [hook]
      pytest_plugin_registered [hook]
          plugin: <CaptureManager _method='fd' _global_capturing=<MultiCapture out=<FDCapture 1 oldfd=8 _state='suspended' tmpfile=<EncodedFile name="<_TemporaryFileWrapper file=<_io.FileIO name='C:\\\\Users\\\\ecms\\\\AppData\\\\Local\\\\Temp\\\\tmpzxxesxsr' mode='rb+' closefd=True>>" mode='r+' encoding='utf-8'>> err=<FDCapture 2 oldfd=10 _state='suspended' tmpfile=<EncodedFile name="<_TemporaryFileWrapper file=<_io.FileIO name='C:\\\\Users\\\\ecms\\\\AppData\\\\Local\\\\Temp\\\\tmpdv91_xzy' mode='rb+' closefd=True>>" mode='r+' encoding='utf-8'>> in_=<FDCapture 0 oldfd=6 _state='started' tmpfile=<_io.TextIOWrapper name='nul' mode='r' encoding='utf-8'>> _state='suspended' _in_suspended=False> _capture_fixture=None>
          plugin_name: capturemanager
          manager: <_pytest.config.PytestPluginManager object at 0x00000154CFFF1BE0>
      finish pytest_plugin_registered --> [] [hook]
      pytest_plugin_registered [hook]
          plugin: <module 'conftest' from 'E:\\Python + Playwright\\Practice_Automation\\conftest.py'>
          plugin_name: E:\Python + Playwright\Practice_Automation\conftest.py
          manager: <_pytest.config.PytestPluginManager object at 0x00000154CFFF1BE0>
      finish pytest_plugin_registered --> [] [hook]
      pytest_plugin_registered [hook]
          plugin: <Session  exitstatus=<ExitCode.OK: 0> testsfailed=0 testscollected=0>
          plugin_name: session
          manager: <_pytest.config.PytestPluginManager object at 0x00000154CFFF1BE0>
      finish pytest_plugin_registered --> [] [hook]
      pytest_plugin_registered [hook]
          plugin: <_pytest.cacheprovider.LFPlugin object at 0x00000154D2DA4830>
          plugin_name: lfplugin
          manager: <_pytest.config.PytestPluginManager object at 0x00000154CFFF1BE0>
      finish pytest_plugin_registered --> [] [hook]
      pytest_plugin_registered [hook]
          plugin: <_pytest.cacheprovider.NFPlugin object at 0x00000154D2DA46E0>
          plugin_name: nfplugin
          manager: <_pytest.config.PytestPluginManager object at 0x00000154CFFF1BE0>
      finish pytest_plugin_registered --> [] [hook]
      pytest_plugin_registered [hook]
          plugin: <class '_pytest.legacypath.LegacyTmpdirPlugin'>
          plugin_name: legacypath-tmpdir
          manager: <_pytest.config.PytestPluginManager object at 0x00000154CFFF1BE0>
      finish pytest_plugin_registered --> [] [hook]
      pytest_plugin_registered [hook]
          plugin: <_pytest.terminal.TerminalReporter object at 0x00000154D2DA6510>
          plugin_name: terminalreporter
          manager: <_pytest.config.PytestPluginManager object at 0x00000154CFFF1BE0>
      finish pytest_plugin_registered --> [] [hook]
    matched marked file '_pytest.terminalprogress' (from '_pytest.terminalprogress') [assertion]
    find_module called for: _pytest.terminalprogress [assertion]
    found cached rewritten pyc for E:\Python + Playwright\Practice_Automation\virtual\Lib\site-packages\_pytest\terminalprogress.py [assertion]
      pytest_configure [hook]
          config: <_pytest.config.Config object at 0x00000154CFFF3620>
        pytest_plugin_registered [hook]
            plugin: <_pytest.terminal.TerminalProgressPlugin object at 0x00000154D2DA6CF0>
            plugin_name: terminalprogress-plugin
            manager: <_pytest.config.PytestPluginManager object at 0x00000154CFFF1BE0>
        finish pytest_plugin_registered --> [] [hook]
      finish pytest_configure --> [] [hook]
      pytest_plugin_registered [hook]
          plugin: <module '_pytest.terminalprogress' from 'E:\\Python + Playwright\\Practice_Automation\\virtual\\Lib\\site-packages\\_pytest\\terminalprogress.py'>
          plugin_name: terminalprogress
          manager: <_pytest.config.PytestPluginManager object at 0x00000154CFFF1BE0>
      finish pytest_plugin_registered --> [] [hook]
      pytest_plugin_registered [hook]
          plugin: <_pytest.logging.LoggingPlugin object at 0x00000154D2DA6E40>
          plugin_name: logging-plugin
          manager: <_pytest.config.PytestPluginManager object at 0x00000154CFFF1BE0>
      finish pytest_plugin_registered --> [] [hook]
    finish pytest_configure --> [] [hook]
    pytest_sessionstart [hook]
        session: <Session  exitstatus=<ExitCode.OK: 0> testsfailed=0 testscollected=0>
      pytest_plugin_registered [hook]
          plugin: <_pytest.config.PytestPluginManager object at 0x00000154CFFF1BE0>
          plugin_name: 1463778483168
          manager: <_pytest.config.PytestPluginManager object at 0x00000154CFFF1BE0>
      finish pytest_plugin_registered --> [] [hook]
      pytest_plugin_registered [hook]
          plugin: <_pytest.config.Config object at 0x00000154CFFF3620>
          plugin_name: pytestconfig
          manager: <_pytest.config.PytestPluginManager object at 0x00000154CFFF1BE0>
      finish pytest_plugin_registered --> [] [hook]
      pytest_plugin_registered [hook]
          plugin: <module '_pytest.mark' from 'E:\\Python + Playwright\\Practice_Automation\\virtual\\Lib\\site-packages\\_pytest\\mark\\__init__.py'>
          plugin_name: mark
          manager: <_pytest.config.PytestPluginManager object at 0x00000154CFFF1BE0>
      finish pytest_plugin_registered --> [] [hook]
      pytest_plugin_registered [hook]
          plugin: <module '_pytest.main' from 'E:\\Python + Playwright\\Practice_Automation\\virtual\\Lib\\site-packages\\_pytest\\main.py'>
          plugin_name: main
          manager: <_pytest.config.PytestPluginManager object at 0x00000154CFFF1BE0>
      finish pytest_plugin_registered --> [] [hook]
      pytest_plugin_registered [hook]
          plugin: <module '_pytest.runner' from 'E:\\Python + Playwright\\Practice_Automation\\virtual\\Lib\\site-packages\\_pytest\\runner.py'>
          plugin_name: runner
          manager: <_pytest.config.PytestPluginManager object at 0x00000154CFFF1BE0>
      finish pytest_plugin_registered --> [] [hook]
      pytest_plugin_registered [hook]
          plugin: <module '_pytest.fixtures' from 'E:\\Python + Playwright\\Practice_Automation\\virtual\\Lib\\site-packages\\_pytest\\fixtures.py'>
          plugin_name: fixtures
          manager: <_pytest.config.PytestPluginManager object at 0x00000154CFFF1BE0>
      finish pytest_plugin_registered --> [] [hook]
      pytest_plugin_registered [hook]
          plugin: <module '_pytest.helpconfig' from 'E:\\Python + Playwright\\Practice_Automation\\virtual\\Lib\\site-packages\\_pytest\\helpconfig.py'>
          plugin_name: helpconfig
          manager: <_pytest.config.PytestPluginManager object at 0x00000154CFFF1BE0>
      finish pytest_plugin_registered --> [] [hook]
      pytest_plugin_registered [hook]
          plugin: <module '_pytest.python' from 'E:\\Python + Playwright\\Practice_Automation\\virtual\\Lib\\site-packages\\_pytest\\python.py'>
          plugin_name: python
          manager: <_pytest.config.PytestPluginManager object at 0x00000154CFFF1BE0>
      finish pytest_plugin_registered --> [] [hook]
      pytest_plugin_registered [hook]
          plugin: <module '_pytest.terminal' from 'E:\\Python + Playwright\\Practice_Automation\\virtual\\Lib\\site-packages\\_pytest\\terminal.py'>
          plugin_name: terminal
          manager: <_pytest.config.PytestPluginManager object at 0x00000154CFFF1BE0>
      finish pytest_plugin_registered --> [] [hook]
      pytest_plugin_registered [hook]
          plugin: <module '_pytest.debugging' from 'E:\\Python + Playwright\\Practice_Automation\\virtual\\Lib\\site-packages\\_pytest\\debugging.py'>
          plugin_name: debugging
          manager: <_pytest.config.PytestPluginManager object at 0x00000154CFFF1BE0>
      finish pytest_plugin_registered --> [] [hook]
      pytest_plugin_registered [hook]
          plugin: <module '_pytest.unittest' from 'E:\\Python + Playwright\\Practice_Automation\\virtual\\Lib\\site-packages\\_pytest\\unittest.py'>
          plugin_name: unittest
          manager: <_pytest.config.PytestPluginManager object at 0x00000154CFFF1BE0>
      finish pytest_plugin_registered --> [] [hook]
      pytest_plugin_registered [hook]
          plugin: <module '_pytest.capture' from 'E:\\Python + Playwright\\Practice_Automation\\virtual\\Lib\\site-packages\\_pytest\\capture.py'>
          plugin_name: capture
          manager: <_pytest.config.PytestPluginManager object at 0x00000154CFFF1BE0>
      finish pytest_plugin_registered --> [] [hook]
      pytest_plugin_registered [hook]
          plugin: <module '_pytest.skipping' from 'E:\\Python + Playwright\\Practice_Automation\\virtual\\Lib\\site-packages\\_pytest\\skipping.py'>
          plugin_name: skipping
          manager: <_pytest.config.PytestPluginManager object at 0x00000154CFFF1BE0>
      finish pytest_plugin_registered --> [] [hook]
      pytest_plugin_registered [hook]
          plugin: <module '_pytest.legacypath' from 'E:\\Python + Playwright\\Practice_Automation\\virtual\\Lib\\site-packages\\_pytest\\legacypath.py'>
          plugin_name: legacypath
          manager: <_pytest.config.PytestPluginManager object at 0x00000154CFFF1BE0>
      finish pytest_plugin_registered --> [] [hook]
      pytest_plugin_registered [hook]
          plugin: <module '_pytest.tmpdir' from 'E:\\Python + Playwright\\Practice_Automation\\virtual\\Lib\\site-packages\\_pytest\\tmpdir.py'>
          plugin_name: tmpdir
          manager: <_pytest.config.PytestPluginManager object at 0x00000154CFFF1BE0>
      finish pytest_plugin_registered --> [] [hook]
      pytest_plugin_registered [hook]
          plugin: <module '_pytest.monkeypatch' from 'E:\\Python + Playwright\\Practice_Automation\\virtual\\Lib\\site-packages\\_pytest\\monkeypatch.py'>
          plugin_name: monkeypatch
          manager: <_pytest.config.PytestPluginManager object at 0x00000154CFFF1BE0>
      finish pytest_plugin_registered --> [] [hook]
      pytest_plugin_registered [hook]
          plugin: <module '_pytest.recwarn' from 'E:\\Python + Playwright\\Practice_Automation\\virtual\\Lib\\site-packages\\_pytest\\recwarn.py'>
          plugin_name: recwarn
          manager: <_pytest.config.PytestPluginManager object at 0x00000154CFFF1BE0>
      finish pytest_plugin_registered --> [] [hook]
      pytest_plugin_registered [hook]
          plugin: <module '_pytest.pastebin' from 'E:\\Python + Playwright\\Practice_Automation\\virtual\\Lib\\site-packages\\_pytest\\pastebin.py'>
          plugin_name: pastebin
          manager: <_pytest.config.PytestPluginManager object at 0x00000154CFFF1BE0>
      finish pytest_plugin_registered --> [] [hook]
      pytest_plugin_registered [hook]
          plugin: <module '_pytest.assertion' from 'E:\\Python + Playwright\\Practice_Automation\\virtual\\Lib\\site-packages\\_pytest\\assertion\\__init__.py'>
          plugin_name: assertion
          manager: <_pytest.config.PytestPluginManager object at 0x00000154CFFF1BE0>
      finish pytest_plugin_registered --> [] [hook]
      pytest_plugin_registered [hook]
          plugin: <module '_pytest.junitxml' from 'E:\\Python + Playwright\\Practice_Automation\\virtual\\Lib\\site-packages\\_pytest\\junitxml.py'>
          plugin_name: junitxml
          manager: <_pytest.config.PytestPluginManager object at 0x00000154CFFF1BE0>
      finish pytest_plugin_registered --> [] [hook]
      pytest_plugin_registered [hook]
          plugin: <module '_pytest.doctest' from 'E:\\Python + Playwright\\Practice_Automation\\virtual\\Lib\\site-packages\\_pytest\\doctest.py'>
          plugin_name: doctest
          manager: <_pytest.config.PytestPluginManager object at 0x00000154CFFF1BE0>
      finish pytest_plugin_registered --> [] [hook]
      pytest_plugin_registered [hook]
          plugin: <module '_pytest.cacheprovider' from 'E:\\Python + Playwright\\Practice_Automation\\virtual\\Lib\\site-packages\\_pytest\\cacheprovider.py'>
          plugin_name: cacheprovider
          manager: <_pytest.config.PytestPluginManager object at 0x00000154CFFF1BE0>
      finish pytest_plugin_registered --> [] [hook]
      pytest_plugin_registered [hook]
          plugin: <module '_pytest.setuponly' from 'E:\\Python + Playwright\\Practice_Automation\\virtual\\Lib\\site-packages\\_pytest\\setuponly.py'>
          plugin_name: setuponly
          manager: <_pytest.config.PytestPluginManager object at 0x00000154CFFF1BE0>
      finish pytest_plugin_registered --> [] [hook]
      pytest_plugin_registered [hook]
          plugin: <module '_pytest.setupplan' from 'E:\\Python + Playwright\\Practice_Automation\\virtual\\Lib\\site-packages\\_pytest\\setupplan.py'>
          plugin_name: setupplan
          manager: <_pytest.config.PytestPluginManager object at 0x00000154CFFF1BE0>
      finish pytest_plugin_registered --> [] [hook]
      pytest_plugin_registered [hook]
          plugin: <module '_pytest.stepwise' from 'E:\\Python + Playwright\\Practice_Automation\\virtual\\Lib\\site-packages\\_pytest\\stepwise.py'>
          plugin_name: stepwise
          manager: <_pytest.config.PytestPluginManager object at 0x00000154CFFF1BE0>
      finish pytest_plugin_registered --> [] [hook]
      pytest_plugin_registered [hook]
          plugin: <module '_pytest.unraisableexception' from 'E:\\Python + Playwright\\Practice_Automation\\virtual\\Lib\\site-packages\\_pytest\\unraisableexception.py'>
          plugin_name: unraisableexception
          manager: <_pytest.config.PytestPluginManager object at 0x00000154CFFF1BE0>
      finish pytest_plugin_registered --> [] [hook]
      pytest_plugin_registered [hook]
          plugin: <module '_pytest.threadexception' from 'E:\\Python + Playwright\\Practice_Automation\\virtual\\Lib\\site-packages\\_pytest\\threadexception.py'>
          plugin_name: threadexception
          manager: <_pytest.config.PytestPluginManager object at 0x00000154CFFF1BE0>
      finish pytest_plugin_registered --> [] [hook]
      pytest_plugin_registered [hook]
          plugin: <module '_pytest.warnings' from 'E:\\Python + Playwright\\Practice_Automation\\virtual\\Lib\\site-packages\\_pytest\\warnings.py'>
          plugin_name: warnings
          manager: <_pytest.config.PytestPluginManager object at 0x00000154CFFF1BE0>
      finish pytest_plugin_registered --> [] [hook]
      pytest_plugin_registered [hook]
          plugin: <module '_pytest.logging' from 'E:\\Python + Playwright\\Practice_Automation\\virtual\\Lib\\site-packages\\_pytest\\logging.py'>
          plugin_name: logging
          manager: <_pytest.config.PytestPluginManager object at 0x00000154CFFF1BE0>
      finish pytest_plugin_registered --> [] [hook]
      pytest_plugin_registered [hook]
          plugin: <module '_pytest.reports' from 'E:\\Python + Playwright\\Practice_Automation\\virtual\\Lib\\site-packages\\_pytest\\reports.py'>
          plugin_name: reports
          manager: <_pytest.config.PytestPluginManager object at 0x00000154CFFF1BE0>
      finish pytest_plugin_registered --> [] [hook]
      pytest_plugin_registered [hook]
          plugin: <module '_pytest.faulthandler' from 'E:\\Python + Playwright\\Practice_Automation\\virtual\\Lib\\site-packages\\_pytest\\faulthandler.py'>
          plugin_name: faulthandler
          manager: <_pytest.config.PytestPluginManager object at 0x00000154CFFF1BE0>
      finish pytest_plugin_registered --> [] [hook]
      pytest_plugin_registered [hook]
          plugin: <module '_pytest.subtests' from 'E:\\Python + Playwright\\Practice_Automation\\virtual\\Lib\\site-packages\\_pytest\\subtests.py'>
          plugin_name: subtests
          manager: <_pytest.config.PytestPluginManager object at 0x00000154CFFF1BE0>
      finish pytest_plugin_registered --> [] [hook]
      pytest_plugin_registered [hook]
          plugin: <module 'pytest_base_url.plugin' from 'E:\\Python + Playwright\\Practice_Automation\\virtual\\Lib\\site-packages\\pytest_base_url\\plugin.py'>
          plugin_name: base_url
          manager: <_pytest.config.PytestPluginManager object at 0x00000154CFFF1BE0>
      finish pytest_plugin_registered --> [] [hook]
      pytest_plugin_registered [hook]
          plugin: <module 'pytest_html.plugin' from 'E:\\Python + Playwright\\Practice_Automation\\virtual\\Lib\\site-packages\\pytest_html\\plugin.py'>
          plugin_name: html
          manager: <_pytest.config.PytestPluginManager object at 0x00000154CFFF1BE0>
      finish pytest_plugin_registered --> [] [hook]
      pytest_plugin_registered [hook]
          plugin: <module 'pytest_html.fixtures' from 'E:\\Python + Playwright\\Practice_Automation\\virtual\\Lib\\site-packages\\pytest_html\\fixtures.py'>
          plugin_name: html_fixtures
          manager: <_pytest.config.PytestPluginManager object at 0x00000154CFFF1BE0>
      finish pytest_plugin_registered --> [] [hook]
      pytest_plugin_registered [hook]
          plugin: <module 'pytest_metadata.plugin' from 'E:\\Python + Playwright\\Practice_Automation\\virtual\\Lib\\site-packages\\pytest_metadata\\plugin.py'>
          plugin_name: metadata
          manager: <_pytest.config.PytestPluginManager object at 0x00000154CFFF1BE0>
      finish pytest_plugin_registered --> [] [hook]
      pytest_plugin_registered [hook]
          plugin: <module 'pytest_playwright.pytest_playwright' from 'E:\\Python + Playwright\\Practice_Automation\\virtual\\Lib\\site-packages\\pytest_playwright\\pytest_playwright.py'>
          plugin_name: playwright
          manager: <_pytest.config.PytestPluginManager object at 0x00000154CFFF1BE0>
      early skip of rewriting module: _ast_unparse [assertion]
      finish pytest_plugin_registered --> [] [hook]
      pytest_plugin_registered [hook]
          plugin: <CaptureManager _method='fd' _global_capturing=<MultiCapture out=<FDCapture 1 oldfd=8 _state='suspended' tmpfile=<EncodedFile name="<_TemporaryFileWrapper file=<_io.FileIO name='C:\\\\Users\\\\ecms\\\\AppData\\\\Local\\\\Temp\\\\tmpzxxesxsr' mode='rb+' closefd=True>>" mode='r+' encoding='utf-8'>> err=<FDCapture 2 oldfd=10 _state='suspended' tmpfile=<EncodedFile name="<_TemporaryFileWrapper file=<_io.FileIO name='C:\\\\Users\\\\ecms\\\\AppData\\\\Local\\\\Temp\\\\tmpdv91_xzy' mode='rb+' closefd=True>>" mode='r+' encoding='utf-8'>> in_=<FDCapture 0 oldfd=6 _state='started' tmpfile=<_io.TextIOWrapper name='nul' mode='r' encoding='utf-8'>> _state='suspended' _in_suspended=False> _capture_fixture=None>
          plugin_name: capturemanager
          manager: <_pytest.config.PytestPluginManager object at 0x00000154CFFF1BE0>
      finish pytest_plugin_registered --> [] [hook]
      pytest_plugin_registered [hook]
          plugin: <module 'conftest' from 'E:\\Python + Playwright\\Practice_Automation\\conftest.py'>
          plugin_name: E:\Python + Playwright\Practice_Automation\conftest.py
          manager: <_pytest.config.PytestPluginManager object at 0x00000154CFFF1BE0>
      finish pytest_plugin_registered --> [] [hook]
      pytest_plugin_registered [hook]
          plugin: <Session  exitstatus=<ExitCode.OK: 0> testsfailed=0 testscollected=0>
          plugin_name: session
          manager: <_pytest.config.PytestPluginManager object at 0x00000154CFFF1BE0>
      finish pytest_plugin_registered --> [] [hook]
      pytest_plugin_registered [hook]
          plugin: <_pytest.cacheprovider.LFPlugin object at 0x00000154D2DA4830>
          plugin_name: lfplugin
          manager: <_pytest.config.PytestPluginManager object at 0x00000154CFFF1BE0>
      finish pytest_plugin_registered --> [] [hook]
      pytest_plugin_registered [hook]
          plugin: <_pytest.cacheprovider.NFPlugin object at 0x00000154D2DA46E0>
          plugin_name: nfplugin
          manager: <_pytest.config.PytestPluginManager object at 0x00000154CFFF1BE0>
      finish pytest_plugin_registered --> [] [hook]
      pytest_plugin_registered [hook]
          plugin: <class '_pytest.legacypath.LegacyTmpdirPlugin'>
          plugin_name: legacypath-tmpdir
          manager: <_pytest.config.PytestPluginManager object at 0x00000154CFFF1BE0>
      finish pytest_plugin_registered --> [] [hook]
      pytest_plugin_registered [hook]
          plugin: <_pytest.terminal.TerminalReporter object at 0x00000154D2DA6510>
          plugin_name: terminalreporter
          manager: <_pytest.config.PytestPluginManager object at 0x00000154CFFF1BE0>
      finish pytest_plugin_registered --> [] [hook]
      pytest_plugin_registered [hook]
          plugin: <_pytest.terminal.TerminalProgressPlugin object at 0x00000154D2DA6CF0>
          plugin_name: terminalprogress-plugin
          manager: <_pytest.config.PytestPluginManager object at 0x00000154CFFF1BE0>
      finish pytest_plugin_registered --> [] [hook]
      pytest_plugin_registered [hook]
          plugin: <module '_pytest.terminalprogress' from 'E:\\Python + Playwright\\Practice_Automation\\virtual\\Lib\\site-packages\\_pytest\\terminalprogress.py'>
          plugin_name: terminalprogress
          manager: <_pytest.config.PytestPluginManager object at 0x00000154CFFF1BE0>
      finish pytest_plugin_registered --> [] [hook]
      pytest_plugin_registered [hook]
          plugin: <_pytest.logging.LoggingPlugin object at 0x00000154D2DA6E40>
          plugin_name: logging-plugin
          manager: <_pytest.config.PytestPluginManager object at 0x00000154CFFF1BE0>
      finish pytest_plugin_registered --> [] [hook]
      pytest_plugin_registered [hook]
          plugin: <_pytest.fixtures.FixtureManager object at 0x00000154D2DA7770>
          plugin_name: funcmanage
          manager: <_pytest.config.PytestPluginManager object at 0x00000154CFFF1BE0>
      finish pytest_plugin_registered --> [] [hook]
      pytest_report_header [hook]
          config: <_pytest.config.Config object at 0x00000154CFFF3620>
          start_path: E:\Python + Playwright\Practice_Automation
          startdir: E:\Python + Playwright\Practice_Automation
      finish pytest_report_header --> [['rootdir: E:\\Python + Playwright\\Practice_Automation', 'plugins: base-url-2.1.0, html-4.1.1, metadata-3.1.1, playwright-0.7.2'], ['using: pytest-9.0.2', 'registered third-party plugins:', '  pytest-base-url-2.1.0 at E:\\Python + Playwright\\Practice_Automation\\virtual\\Lib\\site-packages\\pytest_base_url\\plugin.py', '  pytest-html-4.1.1 at E:\\Python + Playwright\\Practice_Automation\\virtual\\Lib\\site-packages\\pytest_html\\plugin.py', '  pytest-html-4.1.1 at E:\\Python + Playwright\\Practice_Automation\\virtual\\Lib\\site-packages\\pytest_html\\fixtures.py', '  pytest-metadata-3.1.1 at E:\\Python + Playwright\\Practice_Automation\\virtual\\Lib\\site-packages\\pytest_metadata\\plugin.py', '  pytest-playwright-0.7.2 at E:\\Python + Playwright\\Practice_Automation\\virtual\\Lib\\site-packages\\pytest_playwright\\pytest_playwright.py']] [hook]
    finish pytest_sessionstart --> [] [hook]
    pytest_collection [hook]
        session: <Session  exitstatus=<ExitCode.OK: 0> testsfailed=0 testscollected=0>
    perform_collect <Session  exitstatus=<ExitCode.OK: 0> testsfailed=0 testscollected=0> ['E:\\Python + Playwright\\Practice_Automation'] [collection]
        pytest_collectstart [hook]
            collector: <Session  exitstatus=<ExitCode.OK: 0> testsfailed=0 testscollected=0>
        finish pytest_collectstart --> [] [hook]
        pytest_make_collect_report [hook]
            collector: <Session  exitstatus=<ExitCode.OK: 0> testsfailed=0 testscollected=0>
        processing argument CollectionArgument(path=WindowsPath('E:/Python + Playwright/Practice_Automation'), parts=[], parametrization=None, module_name=None, original_index=0) [collection]
            pytest_collect_directory [hook]
                path: E:\Python + Playwright\Practice_Automation
                parent: <Session  exitstatus=<ExitCode.OK: 0> testsfailed=0 testscollected=0>
            finish pytest_collect_directory --> <Dir Practice_Automation> [hook]
        finish pytest_make_collect_report --> <CollectReport '' lenresult=1 outcome='passed'> [hook]
        pytest_collectreport [hook]
            report: <CollectReport '' lenresult=1 outcome='passed'>
        finish pytest_collectreport --> [] [hook]
    genitems <Dir Practice_Automation> [collection]
      pytest_collectstart [hook]
          collector: <Dir Practice_Automation>
      finish pytest_collectstart --> [] [hook]
      pytest_make_collect_report [hook]
          collector: <Dir Practice_Automation>
        pytest_ignore_collect [hook]
            config: <_pytest.config.Config object at 0x00000154CFFF3620>
            collection_path: E:\Python + Playwright\Practice_Automation\.git
            path: E:\Python + Playwright\Practice_Automation\.git
        finish pytest_ignore_collect --> True [hook]
        pytest_ignore_collect [hook]
            config: <_pytest.config.Config object at 0x00000154CFFF3620>
            collection_path: E:\Python + Playwright\Practice_Automation\.pytest_cache
            path: E:\Python + Playwright\Practice_Automation\.pytest_cache
        finish pytest_ignore_collect --> True [hook]
        pytest_ignore_collect [hook]
            config: <_pytest.config.Config object at 0x00000154CFFF3620>
            collection_path: E:\Python + Playwright\Practice_Automation\__pycache__
            path: E:\Python + Playwright\Practice_Automation\__pycache__
        finish pytest_ignore_collect --> True [hook]
        pytest_ignore_collect [hook]
            config: <_pytest.config.Config object at 0x00000154CFFF3620>
            collection_path: E:\Python + Playwright\Practice_Automation\conftest.py
            path: E:\Python + Playwright\Practice_Automation\conftest.py
        finish pytest_ignore_collect --> None [hook]
        pytest_collect_file [hook]
            parent: <Dir Practice_Automation>
            file_path: E:\Python + Playwright\Practice_Automation\conftest.py
            path: E:\Python + Playwright\Practice_Automation\conftest.py
        finish pytest_collect_file --> [] [hook]
        pytest_ignore_collect [hook]
            config: <_pytest.config.Config object at 0x00000154CFFF3620>
            collection_path: E:\Python + Playwright\Practice_Automation\pytestdebug.log
            path: E:\Python + Playwright\Practice_Automation\pytestdebug.log
        finish pytest_ignore_collect --> None [hook]
        pytest_collect_file [hook]
            parent: <Dir Practice_Automation>
            file_path: E:\Python + Playwright\Practice_Automation\pytestdebug.log
            path: E:\Python + Playwright\Practice_Automation\pytestdebug.log
        finish pytest_collect_file --> [] [hook]
        pytest_ignore_collect [hook]
            config: <_pytest.config.Config object at 0x00000154CFFF3620>
            collection_path: E:\Python + Playwright\Practice_Automation\report.html
            path: E:\Python + Playwright\Practice_Automation\report.html
        finish pytest_ignore_collect --> None [hook]
        pytest_collect_file [hook]
            parent: <Dir Practice_Automation>
            file_path: E:\Python + Playwright\Practice_Automation\report.html
            path: E:\Python + Playwright\Practice_Automation\report.html
        finish pytest_collect_file --> [] [hook]
        pytest_ignore_collect [hook]
            config: <_pytest.config.Config object at 0x00000154CFFF3620>
            collection_path: E:\Python + Playwright\Practice_Automation\test_day_01.py
            path: E:\Python + Playwright\Practice_Automation\test_day_01.py
        finish pytest_ignore_collect --> None [hook]
        pytest_collect_file [hook]
            parent: <Dir Practice_Automation>
            file_path: E:\Python + Playwright\Practice_Automation\test_day_01.py
            path: E:\Python + Playwright\Practice_Automation\test_day_01.py
          pytest_pycollect_makemodule [hook]
              parent: <Dir Practice_Automation>
              module_path: E:\Python + Playwright\Practice_Automation\test_day_01.py
              path: E:\Python + Playwright\Practice_Automation\test_day_01.py
          finish pytest_pycollect_makemodule --> <Module test_day_01.py> [hook]
        finish pytest_collect_file --> [<Module test_day_01.py>] [hook]
        pytest_ignore_collect [hook]
            config: <_pytest.config.Config object at 0x00000154CFFF3620>
            collection_path: E:\Python + Playwright\Practice_Automation\test_day_02.py
            path: E:\Python + Playwright\Practice_Automation\test_day_02.py
        finish pytest_ignore_collect --> None [hook]
        pytest_collect_file [hook]
            parent: <Dir Practice_Automation>
            file_path: E:\Python + Playwright\Practice_Automation\test_day_02.py
            path: E:\Python + Playwright\Practice_Automation\test_day_02.py
          pytest_pycollect_makemodule [hook]
              parent: <Dir Practice_Automation>
              module_path: E:\Python + Playwright\Practice_Automation\test_day_02.py
              path: E:\Python + Playwright\Practice_Automation\test_day_02.py
          finish pytest_pycollect_makemodule --> <Module test_day_02.py> [hook]
        finish pytest_collect_file --> [<Module test_day_02.py>] [hook]
        pytest_ignore_collect [hook]
            config: <_pytest.config.Config object at 0x00000154CFFF3620>
            collection_path: E:\Python + Playwright\Practice_Automation\test_day_03.py
            path: E:\Python + Playwright\Practice_Automation\test_day_03.py
        finish pytest_ignore_collect --> None [hook]
        pytest_collect_file [hook]
            parent: <Dir Practice_Automation>
            file_path: E:\Python + Playwright\Practice_Automation\test_day_03.py
            path: E:\Python + Playwright\Practice_Automation\test_day_03.py
          pytest_pycollect_makemodule [hook]
              parent: <Dir Practice_Automation>
              module_path: E:\Python + Playwright\Practice_Automation\test_day_03.py
              path: E:\Python + Playwright\Practice_Automation\test_day_03.py
          finish pytest_pycollect_makemodule --> <Module test_day_03.py> [hook]
        finish pytest_collect_file --> [<Module test_day_03.py>] [hook]
        pytest_ignore_collect [hook]
            config: <_pytest.config.Config object at 0x00000154CFFF3620>
            collection_path: E:\Python + Playwright\Practice_Automation\test_day_04.py
            path: E:\Python + Playwright\Practice_Automation\test_day_04.py
        finish pytest_ignore_collect --> None [hook]
        pytest_collect_file [hook]
            parent: <Dir Practice_Automation>
            file_path: E:\Python + Playwright\Practice_Automation\test_day_04.py
            path: E:\Python + Playwright\Practice_Automation\test_day_04.py
          pytest_pycollect_makemodule [hook]
              parent: <Dir Practice_Automation>
              module_path: E:\Python + Playwright\Practice_Automation\test_day_04.py
              path: E:\Python + Playwright\Practice_Automation\test_day_04.py
          finish pytest_pycollect_makemodule --> <Module test_day_04.py> [hook]
        finish pytest_collect_file --> [<Module test_day_04.py>] [hook]
        pytest_ignore_collect [hook]
            config: <_pytest.config.Config object at 0x00000154CFFF3620>
            collection_path: E:\Python + Playwright\Practice_Automation\test_day_05.py
            path: E:\Python + Playwright\Practice_Automation\test_day_05.py
        finish pytest_ignore_collect --> None [hook]
        pytest_collect_file [hook]
            parent: <Dir Practice_Automation>
            file_path: E:\Python + Playwright\Practice_Automation\test_day_05.py
            path: E:\Python + Playwright\Practice_Automation\test_day_05.py
          pytest_pycollect_makemodule [hook]
              parent: <Dir Practice_Automation>
              module_path: E:\Python + Playwright\Practice_Automation\test_day_05.py
              path: E:\Python + Playwright\Practice_Automation\test_day_05.py
          finish pytest_pycollect_makemodule --> <Module test_day_05.py> [hook]
        finish pytest_collect_file --> [<Module test_day_05.py>] [hook]
        pytest_ignore_collect [hook]
            config: <_pytest.config.Config object at 0x00000154CFFF3620>
            collection_path: E:\Python + Playwright\Practice_Automation\test_day_06.py
            path: E:\Python + Playwright\Practice_Automation\test_day_06.py
        finish pytest_ignore_collect --> None [hook]
        pytest_collect_file [hook]
            parent: <Dir Practice_Automation>
            file_path: E:\Python + Playwright\Practice_Automation\test_day_06.py
            path: E:\Python + Playwright\Practice_Automation\test_day_06.py
          pytest_pycollect_makemodule [hook]
              parent: <Dir Practice_Automation>
              module_path: E:\Python + Playwright\Practice_Automation\test_day_06.py
              path: E:\Python + Playwright\Practice_Automation\test_day_06.py
          finish pytest_pycollect_makemodule --> <Module test_day_06.py> [hook]
        finish pytest_collect_file --> [<Module test_day_06.py>] [hook]
        pytest_ignore_collect [hook]
            config: <_pytest.config.Config object at 0x00000154CFFF3620>
            collection_path: E:\Python + Playwright\Practice_Automation\test_day_07.py
            path: E:\Python + Playwright\Practice_Automation\test_day_07.py
        finish pytest_ignore_collect --> None [hook]
        pytest_collect_file [hook]
            parent: <Dir Practice_Automation>
            file_path: E:\Python + Playwright\Practice_Automation\test_day_07.py
            path: E:\Python + Playwright\Practice_Automation\test_day_07.py
          pytest_pycollect_makemodule [hook]
              parent: <Dir Practice_Automation>
              module_path: E:\Python + Playwright\Practice_Automation\test_day_07.py
              path: E:\Python + Playwright\Practice_Automation\test_day_07.py
          finish pytest_pycollect_makemodule --> <Module test_day_07.py> [hook]
        finish pytest_collect_file --> [<Module test_day_07.py>] [hook]
        pytest_ignore_collect [hook]
            config: <_pytest.config.Config object at 0x00000154CFFF3620>
            collection_path: E:\Python + Playwright\Practice_Automation\test_day_08.py
            path: E:\Python + Playwright\Practice_Automation\test_day_08.py
        finish pytest_ignore_collect --> None [hook]
        pytest_collect_file [hook]
            parent: <Dir Practice_Automation>
            file_path: E:\Python + Playwright\Practice_Automation\test_day_08.py
            path: E:\Python + Playwright\Practice_Automation\test_day_08.py
          pytest_pycollect_makemodule [hook]
              parent: <Dir Practice_Automation>
              module_path: E:\Python + Playwright\Practice_Automation\test_day_08.py
              path: E:\Python + Playwright\Practice_Automation\test_day_08.py
          finish pytest_pycollect_makemodule --> <Module test_day_08.py> [hook]
        finish pytest_collect_file --> [<Module test_day_08.py>] [hook]
        pytest_ignore_collect [hook]
            config: <_pytest.config.Config object at 0x00000154CFFF3620>
            collection_path: E:\Python + Playwright\Practice_Automation\virtual
            path: E:\Python + Playwright\Practice_Automation\virtual
        finish pytest_ignore_collect --> True [hook]
      finish pytest_make_collect_report --> <CollectReport '.' lenresult=8 outcome='passed'> [hook]
    genitems <Module test_day_01.py> [collection]
      pytest_collectstart [hook]
          collector: <Module test_day_01.py>
      finish pytest_collectstart --> [] [hook]
      pytest_make_collect_report [hook]
          collector: <Module test_day_01.py>
      find_module called for: test_day_01 [assertion]
      matched test file 'E:\\Python + Playwright\\Practice_Automation\\test_day_01.py' [assertion]
      found cached rewritten pyc for E:\Python + Playwright\Practice_Automation\test_day_01.py [assertion]
        pytest_pycollect_makeitem [hook]
            collector: <Module test_day_01.py>
            name: @py_builtins
            obj: <module 'builtins' (built-in)>
        finish pytest_pycollect_makeitem --> None [hook]
        pytest_pycollect_makeitem [hook]
            collector: <Module test_day_01.py>
            name: @pytest_ar
            obj: <module '_pytest.assertion.rewrite' from 'E:\\Python + Playwright\\Practice_Automation\\virtual\\Lib\\site-packages\\_pytest\\assertion\\rewrite.py'>
        finish pytest_pycollect_makeitem --> None [hook]
        pytest_pycollect_makeitem [hook]
            collector: <Module test_day_01.py>
            name: sync_playwright
            obj: <function sync_playwright at 0x00000154D24A66C0>
        finish pytest_pycollect_makeitem --> None [hook]
        pytest_pycollect_makeitem [hook]
            collector: <Module test_day_01.py>
            name: test_day_01
            obj: <function test_day_01 at 0x00000154D2ECA820>
          pytest_generate_tests [hook]
              metafunc: <_pytest.python.Metafunc object at 0x00000154D2EACD70>
          finish pytest_generate_tests --> [] [hook]
        finish pytest_pycollect_makeitem --> [<Function test_day_01>] [hook]
      finish pytest_make_collect_report --> <CollectReport 'test_day_01.py' lenresult=1 outcome='passed'> [hook]
    genitems <Function test_day_01> [collection]
      pytest_itemcollected [hook]
          item: <Function test_day_01>
      finish pytest_itemcollected --> [] [hook]
      pytest_collectreport [hook]
          report: <CollectReport 'test_day_01.py' lenresult=1 outcome='passed'>
      finish pytest_collectreport --> [] [hook]
    genitems <Module test_day_02.py> [collection]
      pytest_collectstart [hook]
          collector: <Module test_day_02.py>
      finish pytest_collectstart --> [] [hook]
      pytest_make_collect_report [hook]
          collector: <Module test_day_02.py>
      find_module called for: test_day_02 [assertion]
      matched test file 'E:\\Python + Playwright\\Practice_Automation\\test_day_02.py' [assertion]
      _read_pyc(E:\Python + Playwright\Practice_Automation\test_day_02.py): out of date [assertion]
      rewriting WindowsPath('E:/Python + Playwright/Practice_Automation/test_day_02.py') [assertion]
        pytest_pycollect_makeitem [hook]
            collector: <Module test_day_02.py>
            name: @py_builtins
            obj: <module 'builtins' (built-in)>
        finish pytest_pycollect_makeitem --> None [hook]
        pytest_pycollect_makeitem [hook]
            collector: <Module test_day_02.py>
            name: @pytest_ar
            obj: <module '_pytest.assertion.rewrite' from 'E:\\Python + Playwright\\Practice_Automation\\virtual\\Lib\\site-packages\\_pytest\\assertion\\rewrite.py'>
        finish pytest_pycollect_makeitem --> None [hook]
        pytest_pycollect_makeitem [hook]
            collector: <Module test_day_02.py>
            name: test_day_02
            obj: <function test_day_02 at 0x00000154D2ECB060>
          pytest_generate_tests [hook]
              metafunc: <_pytest.python.Metafunc object at 0x00000154D2ED8410>
          finish pytest_generate_tests --> [] [hook]
        finish pytest_pycollect_makeitem --> [<Function test_day_02>] [hook]
      finish pytest_make_collect_report --> <CollectReport 'test_day_02.py' lenresult=1 outcome='passed'> [hook]
    genitems <Function test_day_02> [collection]
      pytest_itemcollected [hook]
          item: <Function test_day_02>
      finish pytest_itemcollected --> [] [hook]
      pytest_collectreport [hook]
          report: <CollectReport 'test_day_02.py' lenresult=1 outcome='passed'>
      finish pytest_collectreport --> [] [hook]
    genitems <Module test_day_03.py> [collection]
      pytest_collectstart [hook]
          collector: <Module test_day_03.py>
      finish pytest_collectstart --> [] [hook]
      pytest_make_collect_report [hook]
          collector: <Module test_day_03.py>
      find_module called for: test_day_03 [assertion]
      matched test file 'E:\\Python + Playwright\\Practice_Automation\\test_day_03.py' [assertion]
      found cached rewritten pyc for E:\Python + Playwright\Practice_Automation\test_day_03.py [assertion]
        pytest_pycollect_makeitem [hook]
            collector: <Module test_day_03.py>
            name: @py_builtins
            obj: <module 'builtins' (built-in)>
        finish pytest_pycollect_makeitem --> None [hook]
        pytest_pycollect_makeitem [hook]
            collector: <Module test_day_03.py>
            name: @pytest_ar
            obj: <module '_pytest.assertion.rewrite' from 'E:\\Python + Playwright\\Practice_Automation\\virtual\\Lib\\site-packages\\_pytest\\assertion\\rewrite.py'>
        finish pytest_pycollect_makeitem --> None [hook]
        pytest_pycollect_makeitem [hook]
            collector: <Module test_day_03.py>
            name: test_day_03
            obj: <function test_day_03 at 0x00000154D2ECB3D0>
          pytest_generate_tests [hook]
              metafunc: <_pytest.python.Metafunc object at 0x00000154D2ED8190>
          finish pytest_generate_tests --> [] [hook]
        finish pytest_pycollect_makeitem --> [<Function test_day_03>] [hook]
      finish pytest_make_collect_report --> <CollectReport 'test_day_03.py' lenresult=1 outcome='passed'> [hook]
    genitems <Function test_day_03> [collection]
      pytest_itemcollected [hook]
          item: <Function test_day_03>
      finish pytest_itemcollected --> [] [hook]
      pytest_collectreport [hook]
          report: <CollectReport 'test_day_03.py' lenresult=1 outcome='passed'>
      finish pytest_collectreport --> [] [hook]
    genitems <Module test_day_04.py> [collection]
      pytest_collectstart [hook]
          collector: <Module test_day_04.py>
      finish pytest_collectstart --> [] [hook]
      pytest_make_collect_report [hook]
          collector: <Module test_day_04.py>
      find_module called for: test_day_04 [assertion]
      matched test file 'E:\\Python + Playwright\\Practice_Automation\\test_day_04.py' [assertion]
      found cached rewritten pyc for E:\Python + Playwright\Practice_Automation\test_day_04.py [assertion]
        pytest_pycollect_makeitem [hook]
            collector: <Module test_day_04.py>
            name: @py_builtins
            obj: <module 'builtins' (built-in)>
        finish pytest_pycollect_makeitem --> None [hook]
        pytest_pycollect_makeitem [hook]
            collector: <Module test_day_04.py>
            name: @pytest_ar
            obj: <module '_pytest.assertion.rewrite' from 'E:\\Python + Playwright\\Practice_Automation\\virtual\\Lib\\site-packages\\_pytest\\assertion\\rewrite.py'>
        finish pytest_pycollect_makeitem --> None [hook]
        pytest_pycollect_makeitem [hook]
            collector: <Module test_day_04.py>
            name: expect
            obj: <playwright.sync_api.Expect object at 0x00000154D2486120>
        finish pytest_pycollect_makeitem --> None [hook]
        pytest_pycollect_makeitem [hook]
            collector: <Module test_day_04.py>
            name: test_day_04
            obj: <function test_day_04 at 0x00000154D2ECB110>
          pytest_generate_tests [hook]
              metafunc: <_pytest.python.Metafunc object at 0x00000154D2DD4FC0>
          finish pytest_generate_tests --> [] [hook]
        finish pytest_pycollect_makeitem --> [<Function test_day_04>] [hook]
      finish pytest_make_collect_report --> <CollectReport 'test_day_04.py' lenresult=1 outcome='passed'> [hook]
    genitems <Function test_day_04> [collection]
      pytest_itemcollected [hook]
          item: <Function test_day_04>
      finish pytest_itemcollected --> [] [hook]
      pytest_collectreport [hook]
          report: <CollectReport 'test_day_04.py' lenresult=1 outcome='passed'>
      finish pytest_collectreport --> [] [hook]
    genitems <Module test_day_05.py> [collection]
      pytest_collectstart [hook]
          collector: <Module test_day_05.py>
      finish pytest_collectstart --> [] [hook]
      pytest_make_collect_report [hook]
          collector: <Module test_day_05.py>
      find_module called for: test_day_05 [assertion]
      matched test file 'E:\\Python + Playwright\\Practice_Automation\\test_day_05.py' [assertion]
      found cached rewritten pyc for E:\Python + Playwright\Practice_Automation\test_day_05.py [assertion]
        pytest_pycollect_makeitem [hook]
            collector: <Module test_day_05.py>
            name: @py_builtins
            obj: <module 'builtins' (built-in)>
        finish pytest_pycollect_makeitem --> None [hook]
        pytest_pycollect_makeitem [hook]
            collector: <Module test_day_05.py>
            name: @pytest_ar
            obj: <module '_pytest.assertion.rewrite' from 'E:\\Python + Playwright\\Practice_Automation\\virtual\\Lib\\site-packages\\_pytest\\assertion\\rewrite.py'>
        finish pytest_pycollect_makeitem --> None [hook]
        pytest_pycollect_makeitem [hook]
            collector: <Module test_day_05.py>
            name: expect
            obj: <playwright.sync_api.Expect object at 0x00000154D2486120>
        finish pytest_pycollect_makeitem --> None [hook]
        pytest_pycollect_makeitem [hook]
            collector: <Module test_day_05.py>
            name: test_day_05
            obj: <function test_day_05 at 0x00000154D2ECA770>
          pytest_generate_tests [hook]
              metafunc: <_pytest.python.Metafunc object at 0x00000154D2DD4FC0>
          finish pytest_generate_tests --> [] [hook]
        finish pytest_pycollect_makeitem --> [<Function test_day_05>] [hook]
      finish pytest_make_collect_report --> <CollectReport 'test_day_05.py' lenresult=1 outcome='passed'> [hook]
    genitems <Function test_day_05> [collection]
      pytest_itemcollected [hook]
          item: <Function test_day_05>
      finish pytest_itemcollected --> [] [hook]
      pytest_collectreport [hook]
          report: <CollectReport 'test_day_05.py' lenresult=1 outcome='passed'>
      finish pytest_collectreport --> [] [hook]
    genitems <Module test_day_06.py> [collection]
      pytest_collectstart [hook]
          collector: <Module test_day_06.py>
      finish pytest_collectstart --> [] [hook]
      pytest_make_collect_report [hook]
          collector: <Module test_day_06.py>
      find_module called for: test_day_06 [assertion]
      matched test file 'E:\\Python + Playwright\\Practice_Automation\\test_day_06.py' [assertion]
      found cached rewritten pyc for E:\Python + Playwright\Practice_Automation\test_day_06.py [assertion]
        pytest_pycollect_makeitem [hook]
            collector: <Module test_day_06.py>
            name: @py_builtins
            obj: <module 'builtins' (built-in)>
        finish pytest_pycollect_makeitem --> None [hook]
        pytest_pycollect_makeitem [hook]
            collector: <Module test_day_06.py>
            name: @pytest_ar
            obj: <module '_pytest.assertion.rewrite' from 'E:\\Python + Playwright\\Practice_Automation\\virtual\\Lib\\site-packages\\_pytest\\assertion\\rewrite.py'>
        finish pytest_pycollect_makeitem --> None [hook]
        pytest_pycollect_makeitem [hook]
            collector: <Module test_day_06.py>
            name: sync_playwright
            obj: <function sync_playwright at 0x00000154D24A66C0>
        finish pytest_pycollect_makeitem --> None [hook]
        pytest_pycollect_makeitem [hook]
            collector: <Module test_day_06.py>
            name: expect
            obj: <playwright.sync_api.Expect object at 0x00000154D2486120>
        finish pytest_pycollect_makeitem --> None [hook]
        pytest_pycollect_makeitem [hook]
            collector: <Module test_day_06.py>
            name: test_day_06
            obj: <function test_day_06 at 0x00000154D2ECB5E0>
          pytest_generate_tests [hook]
              metafunc: <_pytest.python.Metafunc object at 0x00000154D2DEE450>
          finish pytest_generate_tests --> [] [hook]
        finish pytest_pycollect_makeitem --> [<Function test_day_06>] [hook]
      finish pytest_make_collect_report --> <CollectReport 'test_day_06.py' lenresult=1 outcome='passed'> [hook]
    genitems <Function test_day_06> [collection]
      pytest_itemcollected [hook]
          item: <Function test_day_06>
      finish pytest_itemcollected --> [] [hook]
      pytest_collectreport [hook]
          report: <CollectReport 'test_day_06.py' lenresult=1 outcome='passed'>
      finish pytest_collectreport --> [] [hook]
    genitems <Module test_day_07.py> [collection]
      pytest_collectstart [hook]
          collector: <Module test_day_07.py>
      finish pytest_collectstart --> [] [hook]
      pytest_make_collect_report [hook]
          collector: <Module test_day_07.py>
      find_module called for: test_day_07 [assertion]
      matched test file 'E:\\Python + Playwright\\Practice_Automation\\test_day_07.py' [assertion]
      found cached rewritten pyc for E:\Python + Playwright\Practice_Automation\test_day_07.py [assertion]
        pytest_pycollect_makeitem [hook]
            collector: <Module test_day_07.py>
            name: @py_builtins
            obj: <module 'builtins' (built-in)>
        finish pytest_pycollect_makeitem --> None [hook]
        pytest_pycollect_makeitem [hook]
            collector: <Module test_day_07.py>
            name: @pytest_ar
            obj: <module '_pytest.assertion.rewrite' from 'E:\\Python + Playwright\\Practice_Automation\\virtual\\Lib\\site-packages\\_pytest\\assertion\\rewrite.py'>
        finish pytest_pycollect_makeitem --> None [hook]
        pytest_pycollect_makeitem [hook]
            collector: <Module test_day_07.py>
            name: expect
            obj: <playwright.sync_api.Expect object at 0x00000154D2486120>
        finish pytest_pycollect_makeitem --> None [hook]
        pytest_pycollect_makeitem [hook]
            collector: <Module test_day_07.py>
            name: test_user_login_action_logout
            obj: <function test_user_login_action_logout at 0x00000154D2ECB8A0>
          pytest_generate_tests [hook]
              metafunc: <_pytest.python.Metafunc object at 0x00000154D2DAACF0>
          finish pytest_generate_tests --> [] [hook]
        finish pytest_pycollect_makeitem --> [<Function test_user_login_action_logout>] [hook]
      finish pytest_make_collect_report --> <CollectReport 'test_day_07.py' lenresult=1 outcome='passed'> [hook]
    genitems <Function test_user_login_action_logout> [collection]
      pytest_itemcollected [hook]
          item: <Function test_user_login_action_logout>
      finish pytest_itemcollected --> [] [hook]
      pytest_collectreport [hook]
          report: <CollectReport 'test_day_07.py' lenresult=1 outcome='passed'>
      finish pytest_collectreport --> [] [hook]
    genitems <Module test_day_08.py> [collection]
      pytest_collectstart [hook]
          collector: <Module test_day_08.py>
      finish pytest_collectstart --> [] [hook]
      pytest_make_collect_report [hook]
          collector: <Module test_day_08.py>
      find_module called for: test_day_08 [assertion]
      matched test file 'E:\\Python + Playwright\\Practice_Automation\\test_day_08.py' [assertion]
      found cached rewritten pyc for E:\Python + Playwright\Practice_Automation\test_day_08.py [assertion]
        pytest_pycollect_makeitem [hook]
            collector: <Module test_day_08.py>
            name: @py_builtins
            obj: <module 'builtins' (built-in)>
        finish pytest_pycollect_makeitem --> None [hook]
        pytest_pycollect_makeitem [hook]
            collector: <Module test_day_08.py>
            name: @pytest_ar
            obj: <module '_pytest.assertion.rewrite' from 'E:\\Python + Playwright\\Practice_Automation\\virtual\\Lib\\site-packages\\_pytest\\assertion\\rewrite.py'>
        finish pytest_pycollect_makeitem --> None [hook]
        pytest_pycollect_makeitem [hook]
            collector: <Module test_day_08.py>
            name: pytest
            obj: <module 'pytest' from 'E:\\Python + Playwright\\Practice_Automation\\virtual\\Lib\\site-packages\\pytest\\__init__.py'>
        finish pytest_pycollect_makeitem --> None [hook]
        pytest_pycollect_makeitem [hook]
            collector: <Module test_day_08.py>
            name: expect
            obj: <playwright.sync_api.Expect object at 0x00000154D2486120>
        finish pytest_pycollect_makeitem --> None [hook]
        pytest_pycollect_makeitem [hook]
            collector: <Module test_day_08.py>
            name: __warningregistry__
            obj: {'version': 13, ('Unknown pytest.mark.regression - is this a typo?  You can register custom marks to avoid this warning - for details, see https://docs.pytest.org/en/stable/how-to/mark.html', <class 'pytest.PytestUnknownMarkWarning'>, 8): True}
        finish pytest_pycollect_makeitem --> None [hook]
        pytest_pycollect_makeitem [hook]
            collector: <Module test_day_08.py>
            name: test_user_login_action_logout
            obj: <function test_user_login_action_logout at 0x00000154D2ECB950>
          pytest_generate_tests [hook]
              metafunc: <_pytest.python.Metafunc object at 0x00000154D2DAACF0>
          finish pytest_generate_tests --> [] [hook]
        finish pytest_pycollect_makeitem --> [<Function test_user_login_action_logout>] [hook]
      finish pytest_make_collect_report --> <CollectReport 'test_day_08.py' lenresult=1 outcome='passed'> [hook]
    genitems <Function test_user_login_action_logout> [collection]
      pytest_itemcollected [hook]
          item: <Function test_user_login_action_logout>
      finish pytest_itemcollected --> [] [hook]
      pytest_collectreport [hook]
          report: <CollectReport 'test_day_08.py' lenresult=1 outcome='passed'>
      finish pytest_collectreport --> [] [hook]
      pytest_collectreport [hook]
          report: <CollectReport '.' lenresult=8 outcome='passed'>
      finish pytest_collectreport --> [] [hook]
      pytest_collection_modifyitems [hook]
          session: <Session  exitstatus=<ExitCode.OK: 0> testsfailed=0 testscollected=0>
          config: <_pytest.config.Config object at 0x00000154CFFF3620>
          items: [<Function test_day_01>, <Function test_day_02>, <Function test_day_03>, <Function test_day_04>, <Function test_day_05>, <Function test_day_06>, <Function test_user_login_action_logout>, <Function test_user_login_action_logout>]
      finish pytest_collection_modifyitems --> [] [hook]
      pytest_collection_finish [hook]
          session: <Session  exitstatus=<ExitCode.OK: 0> testsfailed=0 testscollected=0>
        pytest_report_collectionfinish [hook]
            config: <_pytest.config.Config object at 0x00000154CFFF3620>
            items: [<Function test_day_01>, <Function test_day_02>, <Function test_day_03>, <Function test_day_04>, <Function test_day_05>, <Function test_day_06>, <Function test_user_login_action_logout>, <Function test_user_login_action_logout>]
            start_path: E:\Python + Playwright\Practice_Automation
            startdir: E:\Python + Playwright\Practice_Automation
        finish pytest_report_collectionfinish --> [] [hook]
      finish pytest_collection_finish --> [] [hook]
      pytest_warning_recorded [hook]
          warning_message: {message : PytestUnknownMarkWarning('Unknown pytest.mark.regression - is this a typo?  You can register custom marks to avoid this warning - for details, see https://docs.pytest.org/en/stable/how-to/mark.html'), category : 'PytestUnknownMarkWarning', filename : 'E:\\Python + Playwright\\Practice_Automation\\test_day_08.py', lineno : 8, line : None}
          nodeid: 
          when: collect
          location: None
      finish pytest_warning_recorded --> [] [hook]
    finish pytest_collection --> None [hook]
    pytest_runtestloop [hook]
        session: <Session  exitstatus=<ExitCode.OK: 0> testsfailed=0 testscollected=8>
      pytest_runtest_protocol [hook]
          item: <Function test_day_01>
          nextitem: <Function test_day_02>
        pytest_runtest_logstart [hook]
            nodeid: test_day_01.py::test_day_01
            location: ('test_day_01.py', 4, 'test_day_01')
        finish pytest_runtest_logstart --> [] [hook]
        pytest_runtest_setup [hook]
            item: <Function test_day_01>
          pytest_fixture_setup [hook]
              fixturedef: <FixtureDef argname='base_url' scope='session' baseid=''>
              request: <SubRequest 'base_url' for <Function test_day_01>>
          finish pytest_fixture_setup -->  [hook]
          pytest_fixture_setup [hook]
              fixturedef: <FixtureDef argname='_verify_url' scope='session' baseid=''>
              request: <SubRequest '_verify_url' for <Function test_day_01>>
          finish pytest_fixture_setup --> None [hook]
          pytest_fixture_setup [hook]
              fixturedef: <FixtureDef argname='pytestconfig' scope='session' baseid=''>
              request: <SubRequest 'pytestconfig' for <Function test_day_01>>
          finish pytest_fixture_setup --> <_pytest.config.Config object at 0x00000154CFFF3620> [hook]
          pytest_fixture_setup [hook]
              fixturedef: <FixtureDef argname='delete_output_dir' scope='session' baseid=''>
              request: <SubRequest 'delete_output_dir' for <Function test_day_01>>
          finish pytest_fixture_setup --> None [hook]
        finish pytest_runtest_setup --> None [hook]
        pytest_runtest_makereport [hook]
            item: <Function test_day_01>
            call: <CallInfo when='setup' result: None>
        finish pytest_runtest_makereport --> <TestReport 'test_day_01.py::test_day_01' when='setup' outcome='passed'> [hook]
        pytest_runtest_logreport [hook]
            report: <TestReport 'test_day_01.py::test_day_01' when='setup' outcome='passed'>
          pytest_report_teststatus [hook]
              report: <TestReport 'test_day_01.py::test_day_01' when='setup' outcome='passed'>
              config: <_pytest.config.Config object at 0x00000154CFFF3620>
          finish pytest_report_teststatus --> ('', '', '') [hook]
        finish pytest_runtest_logreport --> [] [hook]
        pytest_runtest_call [hook]
            item: <Function test_day_01>
          pytest_pyfunc_call [hook]
              pyfuncitem: <Function test_day_01>
          finish pytest_pyfunc_call --> True [hook]
        finish pytest_runtest_call --> None [hook]
        pytest_runtest_makereport [hook]
            item: <Function test_day_01>
            call: <CallInfo when='call' result: None>
        finish pytest_runtest_makereport --> <TestReport 'test_day_01.py::test_day_01' when='call' outcome='passed'> [hook]
        pytest_runtest_logreport [hook]
            report: <TestReport 'test_day_01.py::test_day_01' when='call' outcome='passed'>
          pytest_report_teststatus [hook]
              report: <TestReport 'test_day_01.py::test_day_01' when='call' outcome='passed'>
              config: <_pytest.config.Config object at 0x00000154CFFF3620>
          finish pytest_report_teststatus --> ('passed', '.', 'PASSED') [hook]
        finish pytest_runtest_logreport --> [] [hook]
        pytest_runtest_teardown [hook]
            item: <Function test_day_01>
            nextitem: <Function test_day_02>
        finish pytest_runtest_teardown --> None [hook]
        pytest_runtest_makereport [hook]
            item: <Function test_day_01>
            call: <CallInfo when='teardown' result: None>
        finish pytest_runtest_makereport --> <TestReport 'test_day_01.py::test_day_01' when='teardown' outcome='passed'> [hook]
        pytest_runtest_logreport [hook]
            report: <TestReport 'test_day_01.py::test_day_01' when='teardown' outcome='passed'>
          pytest_report_teststatus [hook]
              report: <TestReport 'test_day_01.py::test_day_01' when='teardown' outcome='passed'>
              config: <_pytest.config.Config object at 0x00000154CFFF3620>
          finish pytest_report_teststatus --> ('', '', '') [hook]
        finish pytest_runtest_logreport --> [] [hook]
        pytest_runtest_logfinish [hook]
            nodeid: test_day_01.py::test_day_01
            location: ('test_day_01.py', 4, 'test_day_01')
        finish pytest_runtest_logfinish --> [] [hook]
      finish pytest_runtest_protocol --> True [hook]
      pytest_runtest_protocol [hook]
          item: <Function test_day_02>
          nextitem: <Function test_day_03>
        pytest_runtest_logstart [hook]
            nodeid: test_day_02.py::test_day_02
            location: ('test_day_02.py', 0, 'test_day_02')
        finish pytest_runtest_logstart --> [] [hook]
        pytest_runtest_setup [hook]
            item: <Function test_day_02>
          pytest_fixture_setup [hook]
              fixturedef: <FixtureDef argname='page' scope='function' baseid=''>
              request: <SubRequest 'page' for <Function test_day_02>>
          finish pytest_fixture_setup --> <Page url='about:blank'> [hook]
        finish pytest_runtest_setup --> None [hook]
        pytest_runtest_makereport [hook]
            item: <Function test_day_02>
            call: <CallInfo when='setup' result: None>
        finish pytest_runtest_makereport --> <TestReport 'test_day_02.py::test_day_02' when='setup' outcome='passed'> [hook]
        pytest_runtest_logreport [hook]
            report: <TestReport 'test_day_02.py::test_day_02' when='setup' outcome='passed'>
          pytest_report_teststatus [hook]
              report: <TestReport 'test_day_02.py::test_day_02' when='setup' outcome='passed'>
              config: <_pytest.config.Config object at 0x00000154CFFF3620>
          finish pytest_report_teststatus --> ('', '', '') [hook]
        finish pytest_runtest_logreport --> [] [hook]
        pytest_runtest_call [hook]
            item: <Function test_day_02>
          pytest_pyfunc_call [hook]
              pyfuncitem: <Function test_day_02>
        pytest_runtest_makereport [hook]
            item: <Function test_day_02>
            call: <CallInfo when='call' excinfo=<ExceptionInfo TimeoutError('Locator.click: Timeout 30000ms exceeded.\nCall log:\n  - waiting for locator("#login-btn")\n') tblen=34>>
        finish pytest_runtest_makereport --> <TestReport 'test_day_02.py::test_day_02' when='call' outcome='failed'> [hook]
        pytest_runtest_logreport [hook]
            report: <TestReport 'test_day_02.py::test_day_02' when='call' outcome='failed'>
          pytest_report_teststatus [hook]
              report: <TestReport 'test_day_02.py::test_day_02' when='call' outcome='failed'>
              config: <_pytest.config.Config object at 0x00000154CFFF3620>
          finish pytest_report_teststatus --> ('failed', 'F', 'FAILED') [hook]
        finish pytest_runtest_logreport --> [] [hook]
        pytest_exception_interact [hook]
            node: <Function test_day_02>
            call: <CallInfo when='call' excinfo=<ExceptionInfo TimeoutError('Locator.click: Timeout 30000ms exceeded.\nCall log:\n  - waiting for locator("#login-btn")\n') tblen=34>>
            report: <TestReport 'test_day_02.py::test_day_02' when='call' outcome='failed'>
        finish pytest_exception_interact --> [] [hook]
        pytest_runtest_teardown [hook]
            item: <Function test_day_02>
            nextitem: <Function test_day_03>
          pytest_fixture_post_finalizer [hook]
              fixturedef: <FixtureDef argname='page' scope='function' baseid=''>
              request: <SubRequest 'page' for <Function test_day_02>>
          finish pytest_fixture_post_finalizer --> [] [hook]
        finish pytest_runtest_teardown --> None [hook]
        pytest_runtest_makereport [hook]
            item: <Function test_day_02>
            call: <CallInfo when='teardown' result: None>
        finish pytest_runtest_makereport --> <TestReport 'test_day_02.py::test_day_02' when='teardown' outcome='passed'> [hook]
        pytest_runtest_logreport [hook]
            report: <TestReport 'test_day_02.py::test_day_02' when='teardown' outcome='passed'>
          pytest_report_teststatus [hook]
              report: <TestReport 'test_day_02.py::test_day_02' when='teardown' outcome='passed'>
              config: <_pytest.config.Config object at 0x00000154CFFF3620>
          finish pytest_report_teststatus --> ('', '', '') [hook]
        finish pytest_runtest_logreport --> [] [hook]
        pytest_runtest_logfinish [hook]
            nodeid: test_day_02.py::test_day_02
            location: ('test_day_02.py', 0, 'test_day_02')
        finish pytest_runtest_logfinish --> [] [hook]
      finish pytest_runtest_protocol --> True [hook]
      pytest_runtest_protocol [hook]
          item: <Function test_day_03>
          nextitem: <Function test_day_04>
        pytest_runtest_logstart [hook]
            nodeid: test_day_03.py::test_day_03
            location: ('test_day_03.py', 0, 'test_day_03')
        finish pytest_runtest_logstart --> [] [hook]
        pytest_runtest_setup [hook]
            item: <Function test_day_03>
          pytest_fixture_setup [hook]
              fixturedef: <FixtureDef argname='page' scope='function' baseid=''>
              request: <SubRequest 'page' for <Function test_day_03>>
          finish pytest_fixture_setup --> <Page url='about:blank'> [hook]
        finish pytest_runtest_setup --> None [hook]
        pytest_runtest_makereport [hook]
            item: <Function test_day_03>
            call: <CallInfo when='setup' result: None>
        finish pytest_runtest_makereport --> <TestReport 'test_day_03.py::test_day_03' when='setup' outcome='passed'> [hook]
        pytest_runtest_logreport [hook]
            report: <TestReport 'test_day_03.py::test_day_03' when='setup' outcome='passed'>
          pytest_report_teststatus [hook]
              report: <TestReport 'test_day_03.py::test_day_03' when='setup' outcome='passed'>
              config: <_pytest.config.Config object at 0x00000154CFFF3620>
          finish pytest_report_teststatus --> ('', '', '') [hook]
        finish pytest_runtest_logreport --> [] [hook]
        pytest_runtest_call [hook]
            item: <Function test_day_03>
          pytest_pyfunc_call [hook]
              pyfuncitem: <Function test_day_03>
          finish pytest_pyfunc_call --> True [hook]
        finish pytest_runtest_call --> None [hook]
        pytest_runtest_makereport [hook]
            item: <Function test_day_03>
            call: <CallInfo when='call' result: None>
        finish pytest_runtest_makereport --> <TestReport 'test_day_03.py::test_day_03' when='call' outcome='passed'> [hook]
        pytest_runtest_logreport [hook]
            report: <TestReport 'test_day_03.py::test_day_03' when='call' outcome='passed'>
          pytest_report_teststatus [hook]
              report: <TestReport 'test_day_03.py::test_day_03' when='call' outcome='passed'>
              config: <_pytest.config.Config object at 0x00000154CFFF3620>
          finish pytest_report_teststatus --> ('passed', '.', 'PASSED') [hook]
        finish pytest_runtest_logreport --> [] [hook]
        pytest_runtest_teardown [hook]
            item: <Function test_day_03>
            nextitem: <Function test_day_04>
          pytest_fixture_post_finalizer [hook]
              fixturedef: <FixtureDef argname='page' scope='function' baseid=''>
              request: <SubRequest 'page' for <Function test_day_03>>
          finish pytest_fixture_post_finalizer --> [] [hook]
        finish pytest_runtest_teardown --> None [hook]
        pytest_runtest_makereport [hook]
            item: <Function test_day_03>
            call: <CallInfo when='teardown' result: None>
        finish pytest_runtest_makereport --> <TestReport 'test_day_03.py::test_day_03' when='teardown' outcome='passed'> [hook]
        pytest_runtest_logreport [hook]
            report: <TestReport 'test_day_03.py::test_day_03' when='teardown' outcome='passed'>
          pytest_report_teststatus [hook]
              report: <TestReport 'test_day_03.py::test_day_03' when='teardown' outcome='passed'>
              config: <_pytest.config.Config object at 0x00000154CFFF3620>
          finish pytest_report_teststatus --> ('', '', '') [hook]
        finish pytest_runtest_logreport --> [] [hook]
        pytest_runtest_logfinish [hook]
            nodeid: test_day_03.py::test_day_03
            location: ('test_day_03.py', 0, 'test_day_03')
        finish pytest_runtest_logfinish --> [] [hook]
      finish pytest_runtest_protocol --> True [hook]
      pytest_runtest_protocol [hook]
          item: <Function test_day_04>
          nextitem: <Function test_day_05>
        pytest_runtest_logstart [hook]
            nodeid: test_day_04.py::test_day_04
            location: ('test_day_04.py', 2, 'test_day_04')
        finish pytest_runtest_logstart --> [] [hook]
        pytest_runtest_setup [hook]
            item: <Function test_day_04>
          pytest_fixture_setup [hook]
              fixturedef: <FixtureDef argname='page' scope='function' baseid=''>
              request: <SubRequest 'page' for <Function test_day_04>>
          finish pytest_fixture_setup --> <Page url='about:blank'> [hook]
        finish pytest_runtest_setup --> None [hook]
        pytest_runtest_makereport [hook]
            item: <Function test_day_04>
            call: <CallInfo when='setup' result: None>
        finish pytest_runtest_makereport --> <TestReport 'test_day_04.py::test_day_04' when='setup' outcome='passed'> [hook]
        pytest_runtest_logreport [hook]
            report: <TestReport 'test_day_04.py::test_day_04' when='setup' outcome='passed'>
          pytest_report_teststatus [hook]
              report: <TestReport 'test_day_04.py::test_day_04' when='setup' outcome='passed'>
              config: <_pytest.config.Config object at 0x00000154CFFF3620>
          finish pytest_report_teststatus --> ('', '', '') [hook]
        finish pytest_runtest_logreport --> [] [hook]
        pytest_runtest_call [hook]
            item: <Function test_day_04>
          pytest_pyfunc_call [hook]
              pyfuncitem: <Function test_day_04>
          finish pytest_pyfunc_call --> True [hook]
        finish pytest_runtest_call --> None [hook]
        pytest_runtest_makereport [hook]
            item: <Function test_day_04>
            call: <CallInfo when='call' result: None>
        finish pytest_runtest_makereport --> <TestReport 'test_day_04.py::test_day_04' when='call' outcome='passed'> [hook]
        pytest_runtest_logreport [hook]
            report: <TestReport 'test_day_04.py::test_day_04' when='call' outcome='passed'>
          pytest_report_teststatus [hook]
              report: <TestReport 'test_day_04.py::test_day_04' when='call' outcome='passed'>
              config: <_pytest.config.Config object at 0x00000154CFFF3620>
          finish pytest_report_teststatus --> ('passed', '.', 'PASSED') [hook]
        finish pytest_runtest_logreport --> [] [hook]
        pytest_runtest_teardown [hook]
            item: <Function test_day_04>
            nextitem: <Function test_day_05>
          pytest_fixture_post_finalizer [hook]
              fixturedef: <FixtureDef argname='page' scope='function' baseid=''>
              request: <SubRequest 'page' for <Function test_day_04>>
          finish pytest_fixture_post_finalizer --> [] [hook]
        finish pytest_runtest_teardown --> None [hook]
        pytest_runtest_makereport [hook]
            item: <Function test_day_04>
            call: <CallInfo when='teardown' result: None>
        finish pytest_runtest_makereport --> <TestReport 'test_day_04.py::test_day_04' when='teardown' outcome='passed'> [hook]
        pytest_runtest_logreport [hook]
            report: <TestReport 'test_day_04.py::test_day_04' when='teardown' outcome='passed'>
          pytest_report_teststatus [hook]
              report: <TestReport 'test_day_04.py::test_day_04' when='teardown' outcome='passed'>
              config: <_pytest.config.Config object at 0x00000154CFFF3620>
          finish pytest_report_teststatus --> ('', '', '') [hook]
        finish pytest_runtest_logreport --> [] [hook]
        pytest_runtest_logfinish [hook]
            nodeid: test_day_04.py::test_day_04
            location: ('test_day_04.py', 2, 'test_day_04')
        finish pytest_runtest_logfinish --> [] [hook]
      finish pytest_runtest_protocol --> True [hook]
      pytest_runtest_protocol [hook]
          item: <Function test_day_05>
          nextitem: <Function test_day_06>
        pytest_runtest_logstart [hook]
            nodeid: test_day_05.py::test_day_05
            location: ('test_day_05.py', 2, 'test_day_05')
        finish pytest_runtest_logstart --> [] [hook]
        pytest_runtest_setup [hook]
            item: <Function test_day_05>
          pytest_fixture_setup [hook]
              fixturedef: <FixtureDef argname='page' scope='function' baseid=''>
              request: <SubRequest 'page' for <Function test_day_05>>
          finish pytest_fixture_setup --> <Page url='about:blank'> [hook]
        finish pytest_runtest_setup --> None [hook]
        pytest_runtest_makereport [hook]
            item: <Function test_day_05>
            call: <CallInfo when='setup' result: None>
        finish pytest_runtest_makereport --> <TestReport 'test_day_05.py::test_day_05' when='setup' outcome='passed'> [hook]
        pytest_runtest_logreport [hook]
            report: <TestReport 'test_day_05.py::test_day_05' when='setup' outcome='passed'>
          pytest_report_teststatus [hook]
              report: <TestReport 'test_day_05.py::test_day_05' when='setup' outcome='passed'>
              config: <_pytest.config.Config object at 0x00000154CFFF3620>
          finish pytest_report_teststatus --> ('', '', '') [hook]
        finish pytest_runtest_logreport --> [] [hook]
        pytest_runtest_call [hook]
            item: <Function test_day_05>
          pytest_pyfunc_call [hook]
              pyfuncitem: <Function test_day_05>
          finish pytest_pyfunc_call --> True [hook]
        finish pytest_runtest_call --> None [hook]
        pytest_runtest_makereport [hook]
            item: <Function test_day_05>
            call: <CallInfo when='call' result: None>
        finish pytest_runtest_makereport --> <TestReport 'test_day_05.py::test_day_05' when='call' outcome='passed'> [hook]
        pytest_runtest_logreport [hook]
            report: <TestReport 'test_day_05.py::test_day_05' when='call' outcome='passed'>
          pytest_report_teststatus [hook]
              report: <TestReport 'test_day_05.py::test_day_05' when='call' outcome='passed'>
              config: <_pytest.config.Config object at 0x00000154CFFF3620>
          finish pytest_report_teststatus --> ('passed', '.', 'PASSED') [hook]
        finish pytest_runtest_logreport --> [] [hook]
        pytest_runtest_teardown [hook]
            item: <Function test_day_05>
            nextitem: <Function test_day_06>
          pytest_fixture_post_finalizer [hook]
              fixturedef: <FixtureDef argname='page' scope='function' baseid=''>
              request: <SubRequest 'page' for <Function test_day_05>>
          finish pytest_fixture_post_finalizer --> [] [hook]
        finish pytest_runtest_teardown --> None [hook]
        pytest_runtest_makereport [hook]
            item: <Function test_day_05>
            call: <CallInfo when='teardown' result: None>
        finish pytest_runtest_makereport --> <TestReport 'test_day_05.py::test_day_05' when='teardown' outcome='passed'> [hook]
        pytest_runtest_logreport [hook]
            report: <TestReport 'test_day_05.py::test_day_05' when='teardown' outcome='passed'>
          pytest_report_teststatus [hook]
              report: <TestReport 'test_day_05.py::test_day_05' when='teardown' outcome='passed'>
              config: <_pytest.config.Config object at 0x00000154CFFF3620>
          finish pytest_report_teststatus --> ('', '', '') [hook]
        finish pytest_runtest_logreport --> [] [hook]
        pytest_runtest_logfinish [hook]
            nodeid: test_day_05.py::test_day_05
            location: ('test_day_05.py', 2, 'test_day_05')
        finish pytest_runtest_logfinish --> [] [hook]
      finish pytest_runtest_protocol --> True [hook]
      pytest_runtest_protocol [hook]
          item: <Function test_day_06>
          nextitem: <Function test_user_login_action_logout>
        pytest_runtest_logstart [hook]
            nodeid: test_day_06.py::test_day_06
            location: ('test_day_06.py', 2, 'test_day_06')
        finish pytest_runtest_logstart --> [] [hook]
        pytest_runtest_setup [hook]
            item: <Function test_day_06>
        finish pytest_runtest_setup --> None [hook]
        pytest_runtest_makereport [hook]
            item: <Function test_day_06>
            call: <CallInfo when='setup' result: None>
        finish pytest_runtest_makereport --> <TestReport 'test_day_06.py::test_day_06' when='setup' outcome='passed'> [hook]
        pytest_runtest_logreport [hook]
            report: <TestReport 'test_day_06.py::test_day_06' when='setup' outcome='passed'>
          pytest_report_teststatus [hook]
              report: <TestReport 'test_day_06.py::test_day_06' when='setup' outcome='passed'>
              config: <_pytest.config.Config object at 0x00000154CFFF3620>
          finish pytest_report_teststatus --> ('', '', '') [hook]
        finish pytest_runtest_logreport --> [] [hook]
        pytest_runtest_call [hook]
            item: <Function test_day_06>
          pytest_pyfunc_call [hook]
              pyfuncitem: <Function test_day_06>
          finish pytest_pyfunc_call --> True [hook]
        finish pytest_runtest_call --> None [hook]
        pytest_runtest_makereport [hook]
            item: <Function test_day_06>
            call: <CallInfo when='call' result: None>
        finish pytest_runtest_makereport --> <TestReport 'test_day_06.py::test_day_06' when='call' outcome='passed'> [hook]
        pytest_runtest_logreport [hook]
            report: <TestReport 'test_day_06.py::test_day_06' when='call' outcome='passed'>
          pytest_report_teststatus [hook]
              report: <TestReport 'test_day_06.py::test_day_06' when='call' outcome='passed'>
              config: <_pytest.config.Config object at 0x00000154CFFF3620>
          finish pytest_report_teststatus --> ('passed', '.', 'PASSED') [hook]
        finish pytest_runtest_logreport --> [] [hook]
        pytest_runtest_teardown [hook]
            item: <Function test_day_06>
            nextitem: <Function test_user_login_action_logout>
        finish pytest_runtest_teardown --> None [hook]
        pytest_runtest_makereport [hook]
            item: <Function test_day_06>
            call: <CallInfo when='teardown' result: None>
        finish pytest_runtest_makereport --> <TestReport 'test_day_06.py::test_day_06' when='teardown' outcome='passed'> [hook]
        pytest_runtest_logreport [hook]
            report: <TestReport 'test_day_06.py::test_day_06' when='teardown' outcome='passed'>
          pytest_report_teststatus [hook]
              report: <TestReport 'test_day_06.py::test_day_06' when='teardown' outcome='passed'>
              config: <_pytest.config.Config object at 0x00000154CFFF3620>
          finish pytest_report_teststatus --> ('', '', '') [hook]
        finish pytest_runtest_logreport --> [] [hook]
        pytest_runtest_logfinish [hook]
            nodeid: test_day_06.py::test_day_06
            location: ('test_day_06.py', 2, 'test_day_06')
        finish pytest_runtest_logfinish --> [] [hook]
      finish pytest_runtest_protocol --> True [hook]
      pytest_runtest_protocol [hook]
          item: <Function test_user_login_action_logout>
          nextitem: <Function test_user_login_action_logout>
        pytest_runtest_logstart [hook]
            nodeid: test_day_07.py::test_user_login_action_logout
            location: ('test_day_07.py', 2, 'test_user_login_action_logout')
        finish pytest_runtest_logstart --> [] [hook]
        pytest_runtest_setup [hook]
            item: <Function test_user_login_action_logout>
          pytest_fixture_setup [hook]
              fixturedef: <FixtureDef argname='page' scope='function' baseid=''>
              request: <SubRequest 'page' for <Function test_user_login_action_logout>>
          finish pytest_fixture_setup --> <Page url='about:blank'> [hook]
        finish pytest_runtest_setup --> None [hook]
        pytest_runtest_makereport [hook]
            item: <Function test_user_login_action_logout>
            call: <CallInfo when='setup' result: None>
        finish pytest_runtest_makereport --> <TestReport 'test_day_07.py::test_user_login_action_logout' when='setup' outcome='passed'> [hook]
        pytest_runtest_logreport [hook]
            report: <TestReport 'test_day_07.py::test_user_login_action_logout' when='setup' outcome='passed'>
          pytest_report_teststatus [hook]
              report: <TestReport 'test_day_07.py::test_user_login_action_logout' when='setup' outcome='passed'>
              config: <_pytest.config.Config object at 0x00000154CFFF3620>
          finish pytest_report_teststatus --> ('', '', '') [hook]
        finish pytest_runtest_logreport --> [] [hook]
        pytest_runtest_call [hook]
            item: <Function test_user_login_action_logout>
          pytest_pyfunc_call [hook]
              pyfuncitem: <Function test_user_login_action_logout>
          finish pytest_pyfunc_call --> True [hook]
        finish pytest_runtest_call --> None [hook]
        pytest_runtest_makereport [hook]
            item: <Function test_user_login_action_logout>
            call: <CallInfo when='call' result: None>
        finish pytest_runtest_makereport --> <TestReport 'test_day_07.py::test_user_login_action_logout' when='call' outcome='passed'> [hook]
        pytest_runtest_logreport [hook]
            report: <TestReport 'test_day_07.py::test_user_login_action_logout' when='call' outcome='passed'>
          pytest_report_teststatus [hook]
              report: <TestReport 'test_day_07.py::test_user_login_action_logout' when='call' outcome='passed'>
              config: <_pytest.config.Config object at 0x00000154CFFF3620>
          finish pytest_report_teststatus --> ('passed', '.', 'PASSED') [hook]
        finish pytest_runtest_logreport --> [] [hook]
        pytest_runtest_teardown [hook]
            item: <Function test_user_login_action_logout>
            nextitem: <Function test_user_login_action_logout>
          pytest_fixture_post_finalizer [hook]
              fixturedef: <FixtureDef argname='page' scope='function' baseid=''>
              request: <SubRequest 'page' for <Function test_user_login_action_logout>>
          finish pytest_fixture_post_finalizer --> [] [hook]
        finish pytest_runtest_teardown --> None [hook]
        pytest_runtest_makereport [hook]
            item: <Function test_user_login_action_logout>
            call: <CallInfo when='teardown' result: None>
        finish pytest_runtest_makereport --> <TestReport 'test_day_07.py::test_user_login_action_logout' when='teardown' outcome='passed'> [hook]
        pytest_runtest_logreport [hook]
            report: <TestReport 'test_day_07.py::test_user_login_action_logout' when='teardown' outcome='passed'>
          pytest_report_teststatus [hook]
              report: <TestReport 'test_day_07.py::test_user_login_action_logout' when='teardown' outcome='passed'>
              config: <_pytest.config.Config object at 0x00000154CFFF3620>
          finish pytest_report_teststatus --> ('', '', '') [hook]
        finish pytest_runtest_logreport --> [] [hook]
        pytest_runtest_logfinish [hook]
            nodeid: test_day_07.py::test_user_login_action_logout
            location: ('test_day_07.py', 2, 'test_user_login_action_logout')
        finish pytest_runtest_logfinish --> [] [hook]
      finish pytest_runtest_protocol --> True [hook]
      pytest_runtest_protocol [hook]
          item: <Function test_user_login_action_logout>
          nextitem: None
        pytest_runtest_logstart [hook]
            nodeid: test_day_08.py::test_user_login_action_logout
            location: ('test_day_08.py', 7, 'test_user_login_action_logout')
        finish pytest_runtest_logstart --> [] [hook]
        pytest_runtest_setup [hook]
            item: <Function test_user_login_action_logout>
          pytest_fixture_setup [hook]
              fixturedef: <FixtureDef argname='page' scope='function' baseid=''>
              request: <SubRequest 'page' for <Function test_user_login_action_logout>>
          finish pytest_fixture_setup --> <Page url='about:blank'> [hook]
        finish pytest_runtest_setup --> None [hook]
        pytest_runtest_makereport [hook]
            item: <Function test_user_login_action_logout>
            call: <CallInfo when='setup' result: None>
        finish pytest_runtest_makereport --> <TestReport 'test_day_08.py::test_user_login_action_logout' when='setup' outcome='passed'> [hook]
        pytest_runtest_logreport [hook]
            report: <TestReport 'test_day_08.py::test_user_login_action_logout' when='setup' outcome='passed'>
          pytest_report_teststatus [hook]
              report: <TestReport 'test_day_08.py::test_user_login_action_logout' when='setup' outcome='passed'>
              config: <_pytest.config.Config object at 0x00000154CFFF3620>
          finish pytest_report_teststatus --> ('', '', '') [hook]
        finish pytest_runtest_logreport --> [] [hook]
        pytest_runtest_call [hook]
            item: <Function test_user_login_action_logout>
          pytest_pyfunc_call [hook]
              pyfuncitem: <Function test_user_login_action_logout>
          finish pytest_pyfunc_call --> True [hook]
        finish pytest_runtest_call --> None [hook]
        pytest_runtest_makereport [hook]
            item: <Function test_user_login_action_logout>
            call: <CallInfo when='call' result: None>
        finish pytest_runtest_makereport --> <TestReport 'test_day_08.py::test_user_login_action_logout' when='call' outcome='passed'> [hook]
        pytest_runtest_logreport [hook]
            report: <TestReport 'test_day_08.py::test_user_login_action_logout' when='call' outcome='passed'>
          pytest_report_teststatus [hook]
              report: <TestReport 'test_day_08.py::test_user_login_action_logout' when='call' outcome='passed'>
              config: <_pytest.config.Config object at 0x00000154CFFF3620>
          finish pytest_report_teststatus --> ('passed', '.', 'PASSED') [hook]
        finish pytest_runtest_logreport --> [] [hook]
        pytest_runtest_teardown [hook]
            item: <Function test_user_login_action_logout>
            nextitem: None
          pytest_fixture_post_finalizer [hook]
              fixturedef: <FixtureDef argname='page' scope='function' baseid=''>
              request: <SubRequest 'page' for <Function test_user_login_action_logout>>
          finish pytest_fixture_post_finalizer --> [] [hook]
          pytest_fixture_post_finalizer [hook]
              fixturedef: <FixtureDef argname='delete_output_dir' scope='session' baseid=''>
              request: <SubRequest 'delete_output_dir' for <Function test_day_01>>
          finish pytest_fixture_post_finalizer --> [] [hook]
          pytest_fixture_post_finalizer [hook]
              fixturedef: <FixtureDef argname='delete_output_dir' scope='session' baseid=''>
              request: <SubRequest 'delete_output_dir' for <Function test_day_01>>
          finish pytest_fixture_post_finalizer --> [] [hook]
          pytest_fixture_post_finalizer [hook]
              fixturedef: <FixtureDef argname='pytestconfig' scope='session' baseid=''>
              request: <SubRequest 'pytestconfig' for <Function test_day_01>>
          finish pytest_fixture_post_finalizer --> [] [hook]
          pytest_fixture_post_finalizer [hook]
              fixturedef: <FixtureDef argname='_verify_url' scope='session' baseid=''>
              request: <SubRequest '_verify_url' for <Function test_day_01>>
          finish pytest_fixture_post_finalizer --> [] [hook]
          pytest_fixture_post_finalizer [hook]
              fixturedef: <FixtureDef argname='_verify_url' scope='session' baseid=''>
              request: <SubRequest '_verify_url' for <Function test_day_01>>
          finish pytest_fixture_post_finalizer --> [] [hook]
          pytest_fixture_post_finalizer [hook]
              fixturedef: <FixtureDef argname='base_url' scope='session' baseid=''>
              request: <SubRequest 'base_url' for <Function test_day_01>>
          finish pytest_fixture_post_finalizer --> [] [hook]
        finish pytest_runtest_teardown --> None [hook]
        pytest_runtest_makereport [hook]
            item: <Function test_user_login_action_logout>
            call: <CallInfo when='teardown' result: None>
        finish pytest_runtest_makereport --> <TestReport 'test_day_08.py::test_user_login_action_logout' when='teardown' outcome='passed'> [hook]
        pytest_runtest_logreport [hook]
            report: <TestReport 'test_day_08.py::test_user_login_action_logout' when='teardown' outcome='passed'>
          pytest_report_teststatus [hook]
              report: <TestReport 'test_day_08.py::test_user_login_action_logout' when='teardown' outcome='passed'>
              config: <_pytest.config.Config object at 0x00000154CFFF3620>
          finish pytest_report_teststatus --> ('', '', '') [hook]
        finish pytest_runtest_logreport --> [] [hook]
        pytest_runtest_logfinish [hook]
            nodeid: test_day_08.py::test_user_login_action_logout
            location: ('test_day_08.py', 7, 'test_user_login_action_logout')
        finish pytest_runtest_logfinish --> [] [hook]
      finish pytest_runtest_protocol --> True [hook]
    finish pytest_runtestloop --> True [hook]
    pytest_sessionfinish [hook]
        session: <Session  exitstatus=<ExitCode.TESTS_FAILED: 1> testsfailed=1 testscollected=8>
        exitstatus: 1
      pytest_terminal_summary [hook]
          terminalreporter: <_pytest.terminal.TerminalReporter object at 0x00000154D2DA6510>
          exitstatus: 1
          config: <_pytest.config.Config object at 0x00000154CFFF3620>
        pytest_report_teststatus [hook]
            report: <TestReport 'test_day_02.py::test_day_02' when='call' outcome='failed'>
            config: <_pytest.config.Config object at 0x00000154CFFF3620>
        finish pytest_report_teststatus --> ('failed', 'F', 'FAILED') [hook]
      finish pytest_terminal_summary --> [] [hook]
    finish pytest_sessionfinish --> [] [hook]
    pytest_unconfigure [hook]
        config: <_pytest.config.Config object at 0x00000154CFFF3620>
    finish pytest_unconfigure --> [] [hook]
